<?xml version="1.0" encoding="utf-8"?>
<CoverageSession xmlns:xsd="http://www.w3.org/2001/XMLSchema" xmlns:xsi="http://www.w3.org/2001/XMLSchema-instance">
  <Summary numSequencePoints="1089" visitedSequencePoints="1089" numBranchPoints="496" visitedBranchPoints="496" sequenceCoverage="100" branchCoverage="100" maxCyclomaticComplexity="12" minCyclomaticComplexity="1" />
  <Modules>
    <Module skippedDueTo="Filter" hash="54-6E-58-34-24-BB-FB-C0-2D-BF-EC-38-47-70-89-F7-B8-E5-E7-8C">
      <FullName>C:\WINDOWS\assembly\GAC_64\mscorlib\2.0.0.0__b77a5c561934e089\mscorlib.dll</FullName>
      <ModuleName>mscorlib</ModuleName>
      <Classes />
    </Module>
    <Module skippedDueTo="Filter" hash="F9-04-A8-31-CD-FB-23-72-95-63-5D-14-9A-A0-66-8E-7F-44-93-7A">
      <FullName>C:\WINDOWS\assembly\GAC_64\mscorlib\2.0.0.0__b77a5c561934e089\sorttbls.nlp</FullName>
      <ModuleName>mscorlib</ModuleName>
      <Classes />
    </Module>
    <Module skippedDueTo="Filter" hash="6E-30-2E-50-36-FB-60-2C-8E-50-C0-83-54-8B-CC-EA-A8-91-B6-CC">
      <FullName>C:\WINDOWS\assembly\GAC_64\mscorlib\2.0.0.0__b77a5c561934e089\sortkey.nlp</FullName>
      <ModuleName>mscorlib</ModuleName>
      <Classes />
    </Module>
    <Module skippedDueTo="Filter" hash="9F-C3-2E-51-B5-EB-69-B9-60-21-42-1F-17-25-12-07-16-11-20-50">
      <FullName>C:\Users\tpaananen\Documents\Visual Studio 14\Projects\SeeSharpLiveStreaming\packages\NUnit.Runners.2.6.4\tools\nunit-console.exe</FullName>
      <ModuleName>nunit-console</ModuleName>
      <Classes />
    </Module>
    <Module skippedDueTo="Filter" hash="F2-ED-FF-09-01-C9-D7-BC-29-AC-A6-93-C5-97-8A-0D-43-DD-8D-F2">
      <FullName>C:\Users\tpaananen\Documents\Visual Studio 14\Projects\SeeSharpLiveStreaming\packages\NUnit.Runners.2.6.4\tools\lib\nunit-console-runner.dll</FullName>
      <ModuleName>nunit-console-runner</ModuleName>
      <Classes />
    </Module>
    <Module skippedDueTo="Filter" hash="36-B9-FF-C0-07-EA-59-4D-23-2E-FD-CD-5A-45-CF-C0-2C-42-2A-98">
      <FullName>C:\Users\tpaananen\Documents\Visual Studio 14\Projects\SeeSharpLiveStreaming\packages\NUnit.Runners.2.6.4\tools\lib\nunit.core.dll</FullName>
      <ModuleName>nunit.core</ModuleName>
      <Classes />
    </Module>
    <Module skippedDueTo="Filter" hash="14-C3-4B-3E-39-7A-EE-C0-B9-2F-83-44-2F-04-8A-F7-48-7B-67-DE">
      <FullName>C:\Users\tpaananen\Documents\Visual Studio 14\Projects\SeeSharpLiveStreaming\packages\NUnit.Runners.2.6.4\tools\lib\nunit.util.dll</FullName>
      <ModuleName>nunit.util</ModuleName>
      <Classes />
    </Module>
    <Module skippedDueTo="Filter" hash="5E-95-A6-AD-88-48-98-B1-62-7F-4E-5A-C1-0E-F3-B7-85-56-44-E8">
      <FullName>C:\Users\tpaananen\Documents\Visual Studio 14\Projects\SeeSharpLiveStreaming\packages\NUnit.Runners.2.6.4\tools\lib\nunit.core.interfaces.dll</FullName>
      <ModuleName>nunit.core.interfaces</ModuleName>
      <Classes />
    </Module>
    <Module skippedDueTo="Filter" hash="1F-CD-8F-61-05-20-BB-BA-34-AE-F2-BC-C8-22-ED-B1-F0-9C-8B-59">
      <FullName>C:\WINDOWS\assembly\GAC_MSIL\System.Configuration\2.0.0.0__b03f5f7f11d50a3a\System.Configuration.dll</FullName>
      <ModuleName>System.Configuration</ModuleName>
      <Classes />
    </Module>
    <Module skippedDueTo="Filter" hash="63-48-E9-EB-E4-CF-4D-20-2B-2B-BE-BF-D1-02-C1-79-D7-8C-B7-0B">
      <FullName>C:\WINDOWS\assembly\GAC_MSIL\System\2.0.0.0__b77a5c561934e089\System.dll</FullName>
      <ModuleName>System</ModuleName>
      <Classes />
    </Module>
    <Module skippedDueTo="Filter" hash="3E-FB-36-22-0C-3E-8A-E1-30-68-0E-E9-11-66-EB-5B-99-24-3E-4B">
      <FullName>C:\WINDOWS\assembly\GAC_MSIL\System.Xml\2.0.0.0__b77a5c561934e089\System.Xml.dll</FullName>
      <ModuleName>System.Xml</ModuleName>
      <Classes />
    </Module>
    <Module skippedDueTo="Filter" hash="84-D3-1E-A2-B8-27-F8-78-65-C8-CF-1D-2D-50-96-66-E5-1C-3E-69">
      <FullName>C:\WINDOWS\assembly\GAC_MSIL\System.Runtime.Remoting\2.0.0.0__b77a5c561934e089\System.Runtime.Remoting.dll</FullName>
      <ModuleName>System.Runtime.Remoting</ModuleName>
      <Classes />
    </Module>
    <Module skippedDueTo="Filter" hash="99-B8-A9-ED-3C-47-A6-62-24-C9-EB-00-0B-46-3B-23-E7-29-77-C1">
      <FullName>C:\WINDOWS\Microsoft.Net\assembly\GAC_64\mscorlib\v4.0_4.0.0.0__b77a5c561934e089\mscorlib.dll</FullName>
      <ModuleName>mscorlib</ModuleName>
      <Classes />
    </Module>
    <Module skippedDueTo="Filter" hash="E8-07-A4-A1-06-33-5B-A6-17-CF-DC-6F-28-47-58-85-D6-9F-6B-46">
      <FullName>C:\Users\tpaananen\Documents\Visual Studio 14\Projects\SeeSharpLiveStreaming\packages\NUnit.Runners.2.6.4\tools\nunit-agent.exe</FullName>
      <ModuleName>nunit-agent</ModuleName>
      <Classes />
    </Module>
    <Module skippedDueTo="Filter" hash="36-B9-FF-C0-07-EA-59-4D-23-2E-FD-CD-5A-45-CF-C0-2C-42-2A-98">
      <FullName>C:\Users\tpaananen\Documents\Visual Studio 14\Projects\SeeSharpLiveStreaming\packages\NUnit.Runners.2.6.4\tools\lib\nunit.core.dll</FullName>
      <ModuleName>nunit.core</ModuleName>
      <Classes />
    </Module>
    <Module skippedDueTo="Filter" hash="14-C3-4B-3E-39-7A-EE-C0-B9-2F-83-44-2F-04-8A-F7-48-7B-67-DE">
      <FullName>C:\Users\tpaananen\Documents\Visual Studio 14\Projects\SeeSharpLiveStreaming\packages\NUnit.Runners.2.6.4\tools\lib\nunit.util.dll</FullName>
      <ModuleName>nunit.util</ModuleName>
      <Classes />
    </Module>
    <Module skippedDueTo="Filter" hash="5E-95-A6-AD-88-48-98-B1-62-7F-4E-5A-C1-0E-F3-B7-85-56-44-E8">
      <FullName>C:\Users\tpaananen\Documents\Visual Studio 14\Projects\SeeSharpLiveStreaming\packages\NUnit.Runners.2.6.4\tools\lib\nunit.core.interfaces.dll</FullName>
      <ModuleName>nunit.core.interfaces</ModuleName>
      <Classes />
    </Module>
    <Module skippedDueTo="Filter" hash="90-9D-FC-99-AA-87-DA-76-96-BE-E8-50-0A-14-BE-DC-CE-BB-3B-B8">
      <FullName>C:\WINDOWS\Microsoft.Net\assembly\GAC_MSIL\System\v4.0_4.0.0.0__b77a5c561934e089\System.dll</FullName>
      <ModuleName>System</ModuleName>
      <Classes />
    </Module>
    <Module skippedDueTo="Filter" hash="86-63-23-3B-0A-B0-CD-35-4A-77-D7-20-37-37-33-E5-39-DC-B4-75">
      <FullName>C:\WINDOWS\Microsoft.Net\assembly\GAC_MSIL\System.Runtime.Remoting\v4.0_4.0.0.0__b77a5c561934e089\System.Runtime.Remoting.dll</FullName>
      <ModuleName>System.Runtime.Remoting</ModuleName>
      <Classes />
    </Module>
    <Module skippedDueTo="Filter" hash="EF-B7-91-10-D6-02-C7-B2-4A-CD-56-41-AB-19-F6-04-22-55-75-4E">
      <FullName>C:\WINDOWS\Microsoft.Net\assembly\GAC_MSIL\System.Configuration\v4.0_4.0.0.0__b03f5f7f11d50a3a\System.Configuration.dll</FullName>
      <ModuleName>System.Configuration</ModuleName>
      <Classes />
    </Module>
    <Module skippedDueTo="Filter" hash="0C-DE-F9-89-F5-CF-12-FF-03-47-2F-07-9E-F3-9A-4B-04-7E-8A-29">
      <FullName>C:\WINDOWS\Microsoft.Net\assembly\GAC_MSIL\System.Xml\v4.0_4.0.0.0__b77a5c561934e089\System.Xml.dll</FullName>
      <ModuleName>System.Xml</ModuleName>
      <Classes />
    </Module>
    <Module skippedDueTo="Filter" hash="3A-B6-DC-F4-A4-1D-1C-E7-54-B4-40-85-BE-B7-D3-0B-0A-33-47-5A">
      <FullName>C:\WINDOWS\Microsoft.Net\assembly\GAC_64\System.Web\v4.0_4.0.0.0__b03f5f7f11d50a3a\System.Web.dll</FullName>
      <ModuleName>System.Web</ModuleName>
      <Classes />
    </Module>
    <Module skippedDueTo="Filter" hash="C9-BB-EC-90-5D-8D-55-2D-76-82-32-74-24-AC-F3-3F-09-68-F6-6F">
      <FullName>C:\WINDOWS\assembly\GAC_64\System.Web\2.0.0.0__b03f5f7f11d50a3a\System.Web.dll</FullName>
      <ModuleName>System.Web</ModuleName>
      <Classes />
    </Module>
    <Module skippedDueTo="Filter" hash="36-B9-FF-C0-07-EA-59-4D-23-2E-FD-CD-5A-45-CF-C0-2C-42-2A-98">
      <FullName>C:\Users\tpaananen\Documents\Visual Studio 14\Projects\SeeSharpLiveStreaming\packages\NUnit.Runners.2.6.4\tools\lib\nunit.core.dll</FullName>
      <ModuleName>nunit.core</ModuleName>
      <Classes />
    </Module>
    <Module skippedDueTo="Filter" hash="90-9D-FC-99-AA-87-DA-76-96-BE-E8-50-0A-14-BE-DC-CE-BB-3B-B8">
      <FullName>C:\WINDOWS\Microsoft.Net\assembly\GAC_MSIL\System\v4.0_4.0.0.0__b77a5c561934e089\System.dll</FullName>
      <ModuleName>System</ModuleName>
      <Classes />
    </Module>
    <Module skippedDueTo="Filter" hash="0C-DE-F9-89-F5-CF-12-FF-03-47-2F-07-9E-F3-9A-4B-04-7E-8A-29">
      <FullName>C:\WINDOWS\Microsoft.Net\assembly\GAC_MSIL\System.Xml\v4.0_4.0.0.0__b77a5c561934e089\System.Xml.dll</FullName>
      <ModuleName>System.Xml</ModuleName>
      <Classes />
    </Module>
    <Module skippedDueTo="Filter" hash="53-25-23-C6-63-70-35-C6-0C-82-04-1A-0A-BF-1A-E7-1F-EA-74-A3">
      <FullName>C:\Users\tpaananen\Documents\Visual Studio 14\Projects\SeeSharpLiveStreaming\packages\NUnit.Runners.2.6.4\tools\pnunit.framework.dll</FullName>
      <ModuleName>pnunit.framework</ModuleName>
      <Classes />
    </Module>
    <Module skippedDueTo="Filter" hash="21-69-E9-47-C6-F8-02-12-31-E6-18-DE-8E-43-24-C9-AB-F7-C2-BE">
      <FullName>C:\Users\tpaananen\Documents\Visual Studio 14\Projects\SeeSharpLiveStreaming\packages\NUnit.Runners.2.6.4\tools\pnunit-agent.exe</FullName>
      <ModuleName>pnunit-agent</ModuleName>
      <Classes />
    </Module>
    <Module skippedDueTo="Filter" hash="5E-95-A6-AD-88-48-98-B1-62-7F-4E-5A-C1-0E-F3-B7-85-56-44-E8">
      <FullName>C:\Users\tpaananen\Documents\Visual Studio 14\Projects\SeeSharpLiveStreaming\packages\NUnit.Runners.2.6.4\tools\lib\nunit.core.interfaces.dll</FullName>
      <ModuleName>nunit.core.interfaces</ModuleName>
      <Classes />
    </Module>
    <Module skippedDueTo="Filter" hash="B5-97-72-01-F1-5A-40-52-4C-51-18-62-40-22-3C-BD-98-F7-2F-76">
      <FullName>C:\Users\tpaananen\Documents\Visual Studio 14\Projects\SeeSharpLiveStreaming\SeeSharpLiveStreaming.Tests\bin\Debug\SeeSharpHttpLiveStreaming.Tests.dll</FullName>
      <ModuleName>SeeSharpHttpLiveStreaming.Tests</ModuleName>
      <Classes />
    </Module>
    <Module skippedDueTo="Filter" hash="A2-D0-DB-C9-20-FB-37-90-D4-D6-25-E5-C4-7B-E0-42-CA-32-C0-51">
      <FullName>C:\Users\tpaananen\Documents\Visual Studio 14\Projects\SeeSharpLiveStreaming\SeeSharpLiveStreaming.Tests\bin\Debug\nunit.framework.dll</FullName>
      <ModuleName>nunit.framework</ModuleName>
      <Classes />
    </Module>
    <Module hash="B5-03-B9-D5-40-BD-32-B4-6E-35-C5-47-82-FE-B6-AA-88-64-0E-17">
      <Summary numSequencePoints="1089" visitedSequencePoints="1089" numBranchPoints="496" visitedBranchPoints="496" sequenceCoverage="100" branchCoverage="100" maxCyclomaticComplexity="12" minCyclomaticComplexity="1" />
      <FullName>C:\Users\tpaananen\Documents\Visual Studio 14\Projects\SeeSharpLiveStreaming\SeeSharpLiveStreaming.Tests\bin\Debug\SeeSharpHttpLiveStreaming.dll</FullName>
      <ModuleName>SeeSharpHttpLiveStreaming</ModuleName>
      <Files>
        <File uid="1" fullPath="c:\Users\tpaananen\Documents\Visual Studio 14\Projects\SeeSharpLiveStreaming\SeeSharpHttpLiveStreaming\Playlist\Enumerations.cs" />
        <File uid="4" fullPath="c:\Users\tpaananen\Documents\Visual Studio 14\Projects\SeeSharpLiveStreaming\SeeSharpHttpLiveStreaming\Playlist\HlsPlaylist.cs" />
        <File uid="5" fullPath="c:\Users\tpaananen\Documents\Visual Studio 14\Projects\SeeSharpLiveStreaming\SeeSharpHttpLiveStreaming\Playlist\HlsPlaylistParser.cs" />
        <File uid="6" fullPath="c:\Users\tpaananen\Documents\Visual Studio 14\Projects\SeeSharpLiveStreaming\SeeSharpHttpLiveStreaming\Playlist\PlaylistBase.cs" />
        <File uid="7" fullPath="c:\Users\tpaananen\Documents\Visual Studio 14\Projects\SeeSharpLiveStreaming\SeeSharpHttpLiveStreaming\Playlist\MasterPlaylist.cs" />
        <File uid="8" fullPath="c:\Users\tpaananen\Documents\Visual Studio 14\Projects\SeeSharpLiveStreaming\SeeSharpHttpLiveStreaming\Playlist\MediaPlaylist.cs" />
        <File uid="9" fullPath="c:\Users\tpaananen\Documents\Visual Studio 14\Projects\SeeSharpLiveStreaming\SeeSharpHttpLiveStreaming\Playlist\PlaylistLine.cs" />
        <File uid="10" fullPath="c:\Users\tpaananen\Documents\Visual Studio 14\Projects\SeeSharpLiveStreaming\SeeSharpHttpLiveStreaming\Playlist\Tags\BaseTag.cs" />
        <File uid="11" fullPath="c:\Users\tpaananen\Documents\Visual Studio 14\Projects\SeeSharpLiveStreaming\SeeSharpHttpLiveStreaming\Playlist\Tags\BasicTags\Version.cs" />
        <File uid="12" fullPath="c:\Users\tpaananen\Documents\Visual Studio 14\Projects\SeeSharpLiveStreaming\SeeSharpHttpLiveStreaming\Playlist\Tags\Master\ExtMedia.cs" />
        <File uid="13" fullPath="c:\Users\tpaananen\Documents\Visual Studio 14\Projects\SeeSharpLiveStreaming\SeeSharpHttpLiveStreaming\Playlist\Tags\Master\RenditionGroup.cs" />
        <File uid="14" fullPath="c:\Users\tpaananen\Documents\Visual Studio 14\Projects\SeeSharpLiveStreaming\SeeSharpHttpLiveStreaming\Playlist\Tags\Master\StreamInf.cs" />
        <File uid="15" fullPath="c:\Users\tpaananen\Documents\Visual Studio 14\Projects\SeeSharpLiveStreaming\SeeSharpHttpLiveStreaming\Playlist\Tags\Media\DiscontinuitySequence.cs" />
        <File uid="16" fullPath="c:\Users\tpaananen\Documents\Visual Studio 14\Projects\SeeSharpLiveStreaming\SeeSharpHttpLiveStreaming\Playlist\Tags\Media\EndList.cs" />
        <File uid="17" fullPath="c:\Users\tpaananen\Documents\Visual Studio 14\Projects\SeeSharpLiveStreaming\SeeSharpHttpLiveStreaming\Playlist\Tags\Media\MediaSegment\Discontinuity.cs" />
        <File uid="18" fullPath="c:\Users\tpaananen\Documents\Visual Studio 14\Projects\SeeSharpLiveStreaming\SeeSharpHttpLiveStreaming\Playlist\Tags\Media\MediaSegment\ExtInf.cs" />
        <File uid="19" fullPath="c:\Users\tpaananen\Documents\Visual Studio 14\Projects\SeeSharpLiveStreaming\SeeSharpHttpLiveStreaming\Playlist\Tags\Media\MediaSegment\ByteRange.cs" />
        <File uid="20" fullPath="c:\Users\tpaananen\Documents\Visual Studio 14\Projects\SeeSharpLiveStreaming\SeeSharpHttpLiveStreaming\Playlist\Tags\Media\MediaSegment\Key.cs" />
        <File uid="21" fullPath="c:\Users\tpaananen\Documents\Visual Studio 14\Projects\SeeSharpLiveStreaming\SeeSharpHttpLiveStreaming\Playlist\Tags\Media\MediaSegment\Map.cs" />
        <File uid="22" fullPath="c:\Users\tpaananen\Documents\Visual Studio 14\Projects\SeeSharpLiveStreaming\SeeSharpHttpLiveStreaming\Playlist\Tags\Media\MediaSegment\MediaSegment.cs" />
        <File uid="24" fullPath="c:\Users\tpaananen\Documents\Visual Studio 14\Projects\SeeSharpLiveStreaming\SeeSharpHttpLiveStreaming\Playlist\Tags\Media\MediaSegment\ProgramDateTime.cs" />
        <File uid="25" fullPath="c:\Users\tpaananen\Documents\Visual Studio 14\Projects\SeeSharpLiveStreaming\SeeSharpHttpLiveStreaming\Playlist\Tags\Media\MediaSequence.cs" />
        <File uid="26" fullPath="c:\Users\tpaananen\Documents\Visual Studio 14\Projects\SeeSharpLiveStreaming\SeeSharpHttpLiveStreaming\Playlist\Tags\Media\OnlyIFrames.cs" />
        <File uid="27" fullPath="c:\Users\tpaananen\Documents\Visual Studio 14\Projects\SeeSharpLiveStreaming\SeeSharpHttpLiveStreaming\Playlist\Tags\Media\PlaylistType.cs" />
        <File uid="28" fullPath="c:\Users\tpaananen\Documents\Visual Studio 14\Projects\SeeSharpLiveStreaming\SeeSharpHttpLiveStreaming\Playlist\Tags\Media\TargetDuration.cs" />
        <File uid="29" fullPath="c:\Users\tpaananen\Documents\Visual Studio 14\Projects\SeeSharpLiveStreaming\SeeSharpHttpLiveStreaming\Playlist\Tags\Resolution.cs" />
        <File uid="30" fullPath="c:\Users\tpaananen\Documents\Visual Studio 14\Projects\SeeSharpLiveStreaming\SeeSharpHttpLiveStreaming\Playlist\Tags\Tag.cs" />
        <File uid="31" fullPath="c:\Users\tpaananen\Documents\Visual Studio 14\Projects\SeeSharpLiveStreaming\SeeSharpHttpLiveStreaming\Playlist\Tags\TagFactory.cs" />
        <File uid="32" fullPath="c:\Users\tpaananen\Documents\Visual Studio 14\Projects\SeeSharpLiveStreaming\SeeSharpHttpLiveStreaming\Playlist\Tags\TagParser.cs" />
        <File uid="33" fullPath="c:\Users\tpaananen\Documents\Visual Studio 14\Projects\SeeSharpLiveStreaming\SeeSharpHttpLiveStreaming\Utils\IncompatibleVersionException.cs" />
        <File uid="34" fullPath="c:\Users\tpaananen\Documents\Visual Studio 14\Projects\SeeSharpLiveStreaming\SeeSharpHttpLiveStreaming\Utils\Require.cs" />
        <File uid="35" fullPath="c:\Users\tpaananen\Documents\Visual Studio 14\Projects\SeeSharpLiveStreaming\SeeSharpHttpLiveStreaming\Utils\ValueParsers\ValueParser.cs" />
      </Files>
      <Classes>
        <Class>
          <Summary numSequencePoints="0" visitedSequencePoints="0" numBranchPoints="0" visitedBranchPoints="0" sequenceCoverage="0" branchCoverage="0" maxCyclomaticComplexity="0" minCyclomaticComplexity="0" />
          <FullName>&lt;Module&gt;</FullName>
          <Methods />
        </Class>
        <Class>
          <Summary numSequencePoints="0" visitedSequencePoints="0" numBranchPoints="0" visitedBranchPoints="0" sequenceCoverage="0" branchCoverage="0" maxCyclomaticComplexity="0" minCyclomaticComplexity="0" />
          <FullName>SeeSharpHttpLiveStreaming.Playlist.MediaTypes</FullName>
          <Methods />
        </Class>
        <Class>
          <Summary numSequencePoints="3" visitedSequencePoints="3" numBranchPoints="3" visitedBranchPoints="3" sequenceCoverage="100" branchCoverage="100" maxCyclomaticComplexity="2" minCyclomaticComplexity="2" />
          <FullName>SeeSharpHttpLiveStreaming.Playlist.YesNo</FullName>
          <Methods>
            <Method visited="true" cyclomaticComplexity="2" sequenceCoverage="100" branchCoverage="100" isConstructor="false" isStatic="true" isGetter="false" isSetter="false">
              <Summary numSequencePoints="3" visitedSequencePoints="3" numBranchPoints="3" visitedBranchPoints="3" sequenceCoverage="100" branchCoverage="100" maxCyclomaticComplexity="2" minCyclomaticComplexity="2" />
              <MetadataToken>100663298</MetadataToken>
              <Name>System.Boolean SeeSharpHttpLiveStreaming.Playlist.YesNo::IsValid(System.String)</Name>
              <FileRef uid="1" />
              <SequencePoints>
                <SequencePoint vc="191" uspid="1" ordinal="0" offset="0" sl="95" sc="9" el="95" ec="10" bec="0" bev="0" fileid="1" />
                <SequencePoint vc="191" uspid="2" ordinal="1" offset="1" sl="96" sc="13" el="96" ec="48" bec="2" bev="2" fileid="1" />
                <SequencePoint vc="191" uspid="3" ordinal="2" offset="32" sl="97" sc="9" el="97" ec="10" bec="0" bev="0" fileid="1" />
              </SequencePoints>
              <BranchPoints>
                <BranchPoint vc="116" uspid="4" ordinal="0" offset="12" sl="96" path="0" offsetend="14" fileid="1" />
                <BranchPoint vc="75" uspid="5" ordinal="1" offset="12" sl="96" path="1" offsetend="27" fileid="1" />
              </BranchPoints>
              <MethodPoint xsi:type="SequencePoint" vc="191" uspid="1" ordinal="0" offset="0" sl="95" sc="9" el="95" ec="10" bec="0" bev="0" fileid="1" />
            </Method>
          </Methods>
        </Class>
        <Class>
          <Summary numSequencePoints="8" visitedSequencePoints="8" numBranchPoints="9" visitedBranchPoints="9" sequenceCoverage="100" branchCoverage="100" maxCyclomaticComplexity="5" minCyclomaticComplexity="5" />
          <FullName>SeeSharpHttpLiveStreaming.Playlist.EncryptionMethodExtensions</FullName>
          <Methods>
            <Method visited="true" cyclomaticComplexity="5" sequenceCoverage="100" branchCoverage="100" isConstructor="false" isStatic="true" isGetter="false" isSetter="false">
              <Summary numSequencePoints="8" visitedSequencePoints="8" numBranchPoints="9" visitedBranchPoints="9" sequenceCoverage="100" branchCoverage="100" maxCyclomaticComplexity="5" minCyclomaticComplexity="5" />
              <MetadataToken>100663299</MetadataToken>
              <Name>SeeSharpHttpLiveStreaming.Playlist.EncryptionMethod SeeSharpHttpLiveStreaming.Playlist.EncryptionMethodExtensions::ToEncryptionMethod(System.String)</Name>
              <FileRef uid="1" />
              <SequencePoints>
                <SequencePoint vc="24" uspid="6" ordinal="0" offset="0" sl="113" sc="9" el="113" ec="10" bec="0" bev="0" fileid="1" />
                <SequencePoint vc="24" uspid="7" ordinal="1" offset="1" sl="114" sc="13" el="114" ec="45" bec="0" bev="0" fileid="1" />
                <SequencePoint vc="24" uspid="8" ordinal="2" offset="13" sl="115" sc="13" el="115" ec="28" bec="7" bev="7" fileid="1" />
                <SequencePoint vc="5" uspid="9" ordinal="3" offset="59" sl="118" sc="21" el="118" ec="50" bec="0" bev="0" fileid="1" />
                <SequencePoint vc="14" uspid="10" ordinal="4" offset="63" sl="120" sc="21" el="120" ec="52" bec="0" bev="0" fileid="1" />
                <SequencePoint vc="4" uspid="11" ordinal="5" offset="67" sl="122" sc="21" el="122" ec="55" bec="0" bev="0" fileid="1" />
                <SequencePoint vc="1" uspid="12" ordinal="6" offset="71" sl="124" sc="21" el="124" ec="100" bec="0" bev="0" fileid="1" />
                <SequencePoint vc="23" uspid="13" ordinal="7" offset="93" sl="126" sc="9" el="126" ec="10" bec="0" bev="0" fileid="1" />
              </SequencePoints>
              <BranchPoints>
                <BranchPoint vc="24" uspid="14" ordinal="0" offset="16" sl="115" path="0" offsetend="18" fileid="1" />
                <BranchPoint vc="1" uspid="15" ordinal="1" offset="16" sl="115" path="1" offsetend="71" fileid="1" />
                <BranchPoint vc="19" uspid="16" ordinal="2" offset="29" sl="115" path="0" offsetend="31" fileid="1" />
                <BranchPoint vc="5" uspid="17" ordinal="3" offset="29" sl="115" path="1" offsetend="59" fileid="1" />
                <BranchPoint vc="5" uspid="18" ordinal="4" offset="42" sl="115" path="0" offsetend="44" fileid="1" />
                <BranchPoint vc="14" uspid="19" ordinal="5" offset="42" sl="115" path="1" offsetend="63" fileid="1" />
                <BranchPoint vc="1" uspid="20" ordinal="6" offset="55" sl="115" path="0" offsetchain="57" offsetend="71" fileid="1" />
                <BranchPoint vc="4" uspid="21" ordinal="7" offset="55" sl="115" path="1" offsetend="67" fileid="1" />
              </BranchPoints>
              <MethodPoint xsi:type="SequencePoint" vc="24" uspid="6" ordinal="0" offset="0" sl="113" sc="9" el="113" ec="10" bec="0" bev="0" fileid="1" />
            </Method>
          </Methods>
        </Class>
        <Class>
          <Summary numSequencePoints="3" visitedSequencePoints="3" numBranchPoints="3" visitedBranchPoints="3" sequenceCoverage="100" branchCoverage="100" maxCyclomaticComplexity="2" minCyclomaticComplexity="2" />
          <FullName>SeeSharpHttpLiveStreaming.Playlist.PlaylistType</FullName>
          <Methods>
            <Method visited="true" cyclomaticComplexity="2" sequenceCoverage="100" branchCoverage="100" isConstructor="false" isStatic="true" isGetter="false" isSetter="false">
              <Summary numSequencePoints="3" visitedSequencePoints="3" numBranchPoints="3" visitedBranchPoints="3" sequenceCoverage="100" branchCoverage="100" maxCyclomaticComplexity="2" minCyclomaticComplexity="2" />
              <MetadataToken>100663300</MetadataToken>
              <Name>System.Boolean SeeSharpHttpLiveStreaming.Playlist.PlaylistType::IsValid(System.String)</Name>
              <FileRef uid="1" />
              <SequencePoints>
                <SequencePoint vc="3" uspid="22" ordinal="0" offset="0" sl="151" sc="9" el="151" ec="10" bec="0" bev="0" fileid="1" />
                <SequencePoint vc="3" uspid="23" ordinal="1" offset="1" sl="152" sc="13" el="152" ec="51" bec="2" bev="2" fileid="1" />
                <SequencePoint vc="3" uspid="24" ordinal="2" offset="32" sl="153" sc="9" el="153" ec="10" bec="0" bev="0" fileid="1" />
              </SequencePoints>
              <BranchPoints>
                <BranchPoint vc="2" uspid="25" ordinal="0" offset="12" sl="152" path="0" offsetend="14" fileid="1" />
                <BranchPoint vc="1" uspid="26" ordinal="1" offset="12" sl="152" path="1" offsetend="27" fileid="1" />
              </BranchPoints>
              <MethodPoint xsi:type="SequencePoint" vc="3" uspid="22" ordinal="0" offset="0" sl="151" sc="9" el="151" ec="10" bec="0" bev="0" fileid="1" />
            </Method>
          </Methods>
        </Class>
        <Class>
          <Summary numSequencePoints="25" visitedSequencePoints="25" numBranchPoints="9" visitedBranchPoints="9" sequenceCoverage="100" branchCoverage="100" maxCyclomaticComplexity="3" minCyclomaticComplexity="1" />
          <FullName>SeeSharpHttpLiveStreaming.Playlist.HlsPlaylist</FullName>
          <Methods>
            <Method visited="true" cyclomaticComplexity="1" sequenceCoverage="0" branchCoverage="0" isConstructor="false" isStatic="false" isGetter="true" isSetter="false">
              <Summary numSequencePoints="0" visitedSequencePoints="0" numBranchPoints="0" visitedBranchPoints="0" sequenceCoverage="0" branchCoverage="0" maxCyclomaticComplexity="1" minCyclomaticComplexity="1" />
              <MetadataToken>100663305</MetadataToken>
              <Name>SeeSharpHttpLiveStreaming.Playlist.PlaylistBase SeeSharpHttpLiveStreaming.Playlist.HlsPlaylist::get_Playlist()</Name>
              <SequencePoints />
              <BranchPoints />
              <MethodPoint vc="68" uspid="27" ordinal="0" offset="0" />
            </Method>
            <Method visited="true" cyclomaticComplexity="1" sequenceCoverage="0" branchCoverage="0" isConstructor="false" isStatic="false" isGetter="false" isSetter="true">
              <Summary numSequencePoints="0" visitedSequencePoints="0" numBranchPoints="0" visitedBranchPoints="0" sequenceCoverage="0" branchCoverage="0" maxCyclomaticComplexity="1" minCyclomaticComplexity="1" />
              <MetadataToken>100663306</MetadataToken>
              <Name>System.Void SeeSharpHttpLiveStreaming.Playlist.HlsPlaylist::set_Playlist(SeeSharpHttpLiveStreaming.Playlist.PlaylistBase)</Name>
              <SequencePoints />
              <BranchPoints />
              <MethodPoint vc="10" uspid="28" ordinal="0" offset="0" />
            </Method>
            <Method visited="true" cyclomaticComplexity="1" sequenceCoverage="100" branchCoverage="100" isConstructor="false" isStatic="false" isGetter="true" isSetter="false">
              <Summary numSequencePoints="3" visitedSequencePoints="3" numBranchPoints="1" visitedBranchPoints="1" sequenceCoverage="100" branchCoverage="100" maxCyclomaticComplexity="1" minCyclomaticComplexity="1" />
              <MetadataToken>100663307</MetadataToken>
              <Name>System.Boolean SeeSharpHttpLiveStreaming.Playlist.HlsPlaylist::get_IsMaster()</Name>
              <FileRef uid="4" />
              <SequencePoints>
                <SequencePoint vc="6" uspid="29" ordinal="0" offset="0" sl="25" sc="17" el="25" ec="18" bec="0" bev="0" fileid="4" />
                <SequencePoint vc="6" uspid="30" ordinal="1" offset="1" sl="25" sc="19" el="25" ec="53" bec="0" bev="0" fileid="4" />
                <SequencePoint vc="6" uspid="31" ordinal="2" offset="18" sl="25" sc="54" el="25" ec="55" bec="0" bev="0" fileid="4" />
              </SequencePoints>
              <BranchPoints />
              <MethodPoint xsi:type="SequencePoint" vc="6" uspid="29" ordinal="0" offset="0" sl="25" sc="17" el="25" ec="18" bec="0" bev="0" fileid="4" />
            </Method>
            <Method visited="true" cyclomaticComplexity="2" sequenceCoverage="100" branchCoverage="100" isConstructor="false" isStatic="false" isGetter="true" isSetter="false">
              <Summary numSequencePoints="6" visitedSequencePoints="6" numBranchPoints="3" visitedBranchPoints="3" sequenceCoverage="100" branchCoverage="100" maxCyclomaticComplexity="2" minCyclomaticComplexity="2" />
              <MetadataToken>100663308</MetadataToken>
              <Name>System.Int32 SeeSharpHttpLiveStreaming.Playlist.HlsPlaylist::get_Version()</Name>
              <FileRef uid="4" />
              <SequencePoints>
                <SequencePoint vc="9" uspid="32" ordinal="0" offset="0" sl="34" sc="13" el="34" ec="14" bec="0" bev="0" fileid="4" />
                <SequencePoint vc="9" uspid="33" ordinal="1" offset="1" sl="35" sc="17" el="35" ec="38" bec="2" bev="2" fileid="4" />
                <SequencePoint vc="1" uspid="34" ordinal="2" offset="17" sl="36" sc="17" el="36" ec="18" bec="0" bev="0" fileid="4" />
                <SequencePoint vc="1" uspid="35" ordinal="3" offset="18" sl="37" sc="21" el="37" ec="94" bec="0" bev="0" fileid="4" />
                <SequencePoint vc="8" uspid="36" ordinal="4" offset="29" sl="39" sc="17" el="39" ec="41" bec="0" bev="0" fileid="4" />
                <SequencePoint vc="8" uspid="37" ordinal="5" offset="43" sl="40" sc="13" el="40" ec="14" bec="0" bev="0" fileid="4" />
              </SequencePoints>
              <BranchPoints>
                <BranchPoint vc="1" uspid="38" ordinal="0" offset="15" sl="35" path="0" offsetend="17" fileid="4" />
                <BranchPoint vc="8" uspid="39" ordinal="1" offset="15" sl="35" path="1" offsetend="29" fileid="4" />
              </BranchPoints>
              <MethodPoint xsi:type="SequencePoint" vc="9" uspid="32" ordinal="0" offset="0" sl="34" sc="13" el="34" ec="14" bec="0" bev="0" fileid="4" />
            </Method>
            <Method visited="true" cyclomaticComplexity="3" sequenceCoverage="100" branchCoverage="100" isConstructor="false" isStatic="false" isGetter="false" isSetter="false">
              <Summary numSequencePoints="16" visitedSequencePoints="16" numBranchPoints="5" visitedBranchPoints="5" sequenceCoverage="100" branchCoverage="100" maxCyclomaticComplexity="3" minCyclomaticComplexity="3" />
              <MetadataToken>100663309</MetadataToken>
              <Name>System.Void SeeSharpHttpLiveStreaming.Playlist.HlsPlaylist::Parse(System.String)</Name>
              <FileRef uid="4" />
              <SequencePoints>
                <SequencePoint vc="21" uspid="40" ordinal="0" offset="0" sl="57" sc="9" el="57" ec="10" bec="0" bev="0" fileid="4" />
                <SequencePoint vc="21" uspid="41" ordinal="1" offset="1" sl="58" sc="13" el="58" ec="48" bec="0" bev="0" fileid="4" />
                <SequencePoint vc="19" uspid="42" ordinal="2" offset="13" sl="60" sc="13" el="60" ec="34" bec="2" bev="2" fileid="4" />
                <SequencePoint vc="2" uspid="43" ordinal="3" offset="26" sl="61" sc="13" el="61" ec="14" bec="0" bev="0" fileid="4" />
                <SequencePoint vc="2" uspid="44" ordinal="4" offset="27" sl="62" sc="17" el="62" ec="94" bec="0" bev="0" fileid="4" />
                <SequencePoint vc="17" uspid="45" ordinal="5" offset="38" sl="66" sc="13" el="66" ec="14" bec="0" bev="0" fileid="4" />
                <SequencePoint vc="17" uspid="46" ordinal="6" offset="39" sl="67" sc="17" el="67" ec="91" bec="0" bev="0" fileid="4" />
                <SequencePoint vc="16" uspid="47" ordinal="7" offset="46" sl="68" sc="17" el="68" ec="58" bec="0" bev="0" fileid="4" />
                <SequencePoint vc="10" uspid="48" ordinal="8" offset="59" sl="69" sc="13" el="69" ec="14" bec="0" bev="0" fileid="4" />
                <SequencePoint vc="7" uspid="49" ordinal="9" offset="62" sl="70" sc="13" el="70" ec="33" bec="0" bev="0" fileid="4" />
                <SequencePoint vc="7" uspid="50" ordinal="10" offset="63" sl="71" sc="13" el="71" ec="14" bec="0" bev="0" fileid="4" />
                <SequencePoint vc="7" uspid="51" ordinal="11" offset="64" sl="72" sc="17" el="72" ec="50" bec="2" bev="2" fileid="4" />
                <SequencePoint vc="6" uspid="52" ordinal="12" offset="80" sl="73" sc="17" el="73" ec="18" bec="0" bev="0" fileid="4" />
                <SequencePoint vc="6" uspid="53" ordinal="13" offset="81" sl="74" sc="21" el="74" ec="27" bec="0" bev="0" fileid="4" />
                <SequencePoint vc="1" uspid="54" ordinal="14" offset="83" sl="76" sc="17" el="76" ec="88" bec="0" bev="0" fileid="4" />
                <SequencePoint vc="10" uspid="55" ordinal="15" offset="96" sl="78" sc="9" el="78" ec="10" bec="0" bev="0" fileid="4" />
              </SequencePoints>
              <BranchPoints>
                <BranchPoint vc="2" uspid="56" ordinal="0" offset="24" sl="60" path="0" offsetend="26" fileid="4" />
                <BranchPoint vc="17" uspid="57" ordinal="1" offset="24" sl="60" path="1" offsetend="38" fileid="4" />
                <BranchPoint vc="6" uspid="58" ordinal="2" offset="78" sl="72" path="0" offsetend="80" fileid="4" />
                <BranchPoint vc="1" uspid="59" ordinal="3" offset="78" sl="72" path="1" offsetend="83" fileid="4" />
              </BranchPoints>
              <MethodPoint xsi:type="SequencePoint" vc="21" uspid="40" ordinal="0" offset="0" sl="57" sc="9" el="57" ec="10" bec="0" bev="0" fileid="4" />
            </Method>
            <Method visited="true" cyclomaticComplexity="1" sequenceCoverage="0" branchCoverage="0" isConstructor="true" isStatic="false" isGetter="false" isSetter="false">
              <Summary numSequencePoints="0" visitedSequencePoints="0" numBranchPoints="0" visitedBranchPoints="0" sequenceCoverage="0" branchCoverage="0" maxCyclomaticComplexity="1" minCyclomaticComplexity="1" />
              <MetadataToken>100663310</MetadataToken>
              <Name>System.Void SeeSharpHttpLiveStreaming.Playlist.HlsPlaylist::.ctor()</Name>
              <SequencePoints />
              <BranchPoints />
              <MethodPoint vc="20" uspid="60" ordinal="0" offset="0" />
            </Method>
          </Methods>
        </Class>
        <Class>
          <Summary numSequencePoints="5" visitedSequencePoints="5" numBranchPoints="1" visitedBranchPoints="1" sequenceCoverage="100" branchCoverage="100" maxCyclomaticComplexity="1" minCyclomaticComplexity="1" />
          <FullName>SeeSharpHttpLiveStreaming.Playlist.HlsPlaylistParser</FullName>
          <Methods>
            <Method visited="true" cyclomaticComplexity="1" sequenceCoverage="100" branchCoverage="100" isConstructor="false" isStatic="true" isGetter="false" isSetter="false">
              <Summary numSequencePoints="5" visitedSequencePoints="5" numBranchPoints="1" visitedBranchPoints="1" sequenceCoverage="100" branchCoverage="100" maxCyclomaticComplexity="1" minCyclomaticComplexity="1" />
              <MetadataToken>100663311</MetadataToken>
              <Name>SeeSharpHttpLiveStreaming.Playlist.IHlsPlaylist SeeSharpHttpLiveStreaming.Playlist.HlsPlaylistParser::Parse(System.String)</Name>
              <FileRef uid="5" />
              <SequencePoints>
                <SequencePoint vc="19" uspid="61" ordinal="0" offset="0" sl="14" sc="9" el="14" ec="10" bec="0" bev="0" fileid="5" />
                <SequencePoint vc="19" uspid="62" ordinal="1" offset="1" sl="15" sc="13" el="15" ec="46" bec="0" bev="0" fileid="5" />
                <SequencePoint vc="19" uspid="63" ordinal="2" offset="7" sl="16" sc="13" el="16" ec="37" bec="0" bev="0" fileid="5" />
                <SequencePoint vc="10" uspid="64" ordinal="3" offset="15" sl="17" sc="13" el="17" ec="29" bec="0" bev="0" fileid="5" />
                <SequencePoint vc="10" uspid="65" ordinal="4" offset="19" sl="18" sc="9" el="18" ec="10" bec="0" bev="0" fileid="5" />
              </SequencePoints>
              <BranchPoints />
              <MethodPoint xsi:type="SequencePoint" vc="19" uspid="61" ordinal="0" offset="0" sl="14" sc="9" el="14" ec="10" bec="0" bev="0" fileid="5" />
            </Method>
          </Methods>
        </Class>
        <Class>
          <Summary numSequencePoints="33" visitedSequencePoints="33" numBranchPoints="17" visitedBranchPoints="17" sequenceCoverage="100" branchCoverage="100" maxCyclomaticComplexity="3" minCyclomaticComplexity="1" />
          <FullName>SeeSharpHttpLiveStreaming.Playlist.PlaylistBase</FullName>
          <Methods>
            <Method visited="true" cyclomaticComplexity="1" sequenceCoverage="100" branchCoverage="100" isConstructor="false" isStatic="false" isGetter="true" isSetter="false">
              <Summary numSequencePoints="3" visitedSequencePoints="3" numBranchPoints="1" visitedBranchPoints="1" sequenceCoverage="100" branchCoverage="100" maxCyclomaticComplexity="1" minCyclomaticComplexity="1" />
              <MetadataToken>100663314</MetadataToken>
              <Name>System.Collections.Generic.IReadOnlyCollection`1&lt;SeeSharpHttpLiveStreaming.Playlist.Tags.BaseTag&gt; SeeSharpHttpLiveStreaming.Playlist.PlaylistBase::get_Tags()</Name>
              <FileRef uid="6" />
              <SequencePoints>
                <SequencePoint vc="8" uspid="66" ordinal="0" offset="0" sl="29" sc="17" el="29" ec="18" bec="0" bev="0" fileid="6" />
                <SequencePoint vc="8" uspid="67" ordinal="1" offset="1" sl="29" sc="19" el="29" ec="65" bec="0" bev="0" fileid="6" />
                <SequencePoint vc="8" uspid="68" ordinal="2" offset="15" sl="29" sc="66" el="29" ec="67" bec="0" bev="0" fileid="6" />
              </SequencePoints>
              <BranchPoints />
              <MethodPoint xsi:type="SequencePoint" vc="8" uspid="66" ordinal="0" offset="0" sl="29" sc="17" el="29" ec="18" bec="0" bev="0" fileid="6" />
            </Method>
            <Method visited="true" cyclomaticComplexity="1" sequenceCoverage="0" branchCoverage="0" isConstructor="false" isStatic="false" isGetter="true" isSetter="false">
              <Summary numSequencePoints="0" visitedSequencePoints="0" numBranchPoints="0" visitedBranchPoints="0" sequenceCoverage="0" branchCoverage="0" maxCyclomaticComplexity="1" minCyclomaticComplexity="1" />
              <MetadataToken>100663315</MetadataToken>
              <Name>System.Int32 SeeSharpHttpLiveStreaming.Playlist.PlaylistBase::get_Version()</Name>
              <SequencePoints />
              <BranchPoints />
              <MethodPoint vc="137" uspid="69" ordinal="0" offset="0" />
            </Method>
            <Method visited="true" cyclomaticComplexity="1" sequenceCoverage="0" branchCoverage="0" isConstructor="false" isStatic="false" isGetter="false" isSetter="true">
              <Summary numSequencePoints="0" visitedSequencePoints="0" numBranchPoints="0" visitedBranchPoints="0" sequenceCoverage="0" branchCoverage="0" maxCyclomaticComplexity="1" minCyclomaticComplexity="1" />
              <MetadataToken>100663316</MetadataToken>
              <Name>System.Void SeeSharpHttpLiveStreaming.Playlist.PlaylistBase::set_Version(System.Int32)</Name>
              <SequencePoints />
              <BranchPoints />
              <MethodPoint vc="15" uspid="70" ordinal="0" offset="0" />
            </Method>
            <Method visited="true" cyclomaticComplexity="1" sequenceCoverage="100" branchCoverage="100" isConstructor="false" isStatic="true" isGetter="false" isSetter="false">
              <Summary numSequencePoints="5" visitedSequencePoints="5" numBranchPoints="1" visitedBranchPoints="1" sequenceCoverage="100" branchCoverage="100" maxCyclomaticComplexity="1" minCyclomaticComplexity="1" />
              <MetadataToken>100663317</MetadataToken>
              <Name>SeeSharpHttpLiveStreaming.Playlist.PlaylistBase SeeSharpHttpLiveStreaming.Playlist.PlaylistBase::Create(System.Collections.Generic.IReadOnlyCollection`1&lt;SeeSharpHttpLiveStreaming.Playlist.PlaylistLine&gt;)</Name>
              <FileRef uid="6" />
              <SequencePoints>
                <SequencePoint vc="16" uspid="71" ordinal="0" offset="0" sl="46" sc="9" el="46" ec="10" bec="0" bev="0" fileid="6" />
                <SequencePoint vc="16" uspid="72" ordinal="1" offset="1" sl="47" sc="13" el="47" ec="50" bec="0" bev="0" fileid="6" />
                <SequencePoint vc="16" uspid="73" ordinal="2" offset="13" sl="49" sc="13" el="49" ec="59" bec="0" bev="0" fileid="6" />
                <SequencePoint vc="16" uspid="74" ordinal="3" offset="20" sl="50" sc="13" el="50" ec="60" bec="0" bev="0" fileid="6" />
                <SequencePoint vc="10" uspid="75" ordinal="4" offset="30" sl="51" sc="9" el="51" ec="10" bec="0" bev="0" fileid="6" />
              </SequencePoints>
              <BranchPoints />
              <MethodPoint xsi:type="SequencePoint" vc="16" uspid="71" ordinal="0" offset="0" sl="46" sc="9" el="46" ec="10" bec="0" bev="0" fileid="6" />
            </Method>
            <Method visited="true" cyclomaticComplexity="3" sequenceCoverage="100" branchCoverage="100" isConstructor="false" isStatic="true" isGetter="false" isSetter="false">
              <Summary numSequencePoints="3" visitedSequencePoints="3" numBranchPoints="5" visitedBranchPoints="5" sequenceCoverage="100" branchCoverage="100" maxCyclomaticComplexity="3" minCyclomaticComplexity="3" />
              <MetadataToken>100663318</MetadataToken>
              <Name>System.String SeeSharpHttpLiveStreaming.Playlist.PlaylistBase::GetFirstNonCommonTag(System.Collections.Generic.IEnumerable`1&lt;SeeSharpHttpLiveStreaming.Playlist.PlaylistLine&gt;)</Name>
              <FileRef uid="6" />
              <SequencePoints>
                <SequencePoint vc="16" uspid="76" ordinal="0" offset="0" sl="59" sc="9" el="59" ec="10" bec="0" bev="0" fileid="6" />
                <SequencePoint vc="16" uspid="77" ordinal="1" offset="1" sl="60" sc="13" el="60" ec="93" bec="4" bev="4" fileid="6" />
                <SequencePoint vc="16" uspid="78" ordinal="2" offset="55" sl="61" sc="9" el="61" ec="10" bec="0" bev="0" fileid="6" />
              </SequencePoints>
              <BranchPoints>
                <BranchPoint vc="1" uspid="79" ordinal="0" offset="7" sl="60" path="0" offsetend="9" fileid="6" />
                <BranchPoint vc="15" uspid="80" ordinal="1" offset="7" sl="60" path="1" offsetend="28" fileid="6" />
                <BranchPoint vc="1" uspid="81" ordinal="2" offset="44" sl="60" path="0" offsetend="46" fileid="6" />
                <BranchPoint vc="15" uspid="82" ordinal="3" offset="44" sl="60" path="1" offsetend="52" fileid="6" />
              </BranchPoints>
              <MethodPoint xsi:type="SequencePoint" vc="16" uspid="76" ordinal="0" offset="0" sl="59" sc="9" el="59" ec="10" bec="0" bev="0" fileid="6" />
            </Method>
            <Method visited="true" cyclomaticComplexity="3" sequenceCoverage="100" branchCoverage="100" isConstructor="false" isStatic="true" isGetter="false" isSetter="false">
              <Summary numSequencePoints="9" visitedSequencePoints="9" numBranchPoints="5" visitedBranchPoints="5" sequenceCoverage="100" branchCoverage="100" maxCyclomaticComplexity="3" minCyclomaticComplexity="3" />
              <MetadataToken>100663319</MetadataToken>
              <Name>SeeSharpHttpLiveStreaming.Playlist.PlaylistBase SeeSharpHttpLiveStreaming.Playlist.PlaylistBase::CreatePlaylistByTag(System.String,System.Collections.Generic.IReadOnlyCollection`1&lt;SeeSharpHttpLiveStreaming.Playlist.PlaylistLine&gt;)</Name>
              <FileRef uid="6" />
              <SequencePoints>
                <SequencePoint vc="16" uspid="83" ordinal="0" offset="0" sl="73" sc="9" el="73" ec="10" bec="0" bev="0" fileid="6" />
                <SequencePoint vc="16" uspid="84" ordinal="1" offset="1" sl="74" sc="13" el="74" ec="38" bec="2" bev="2" fileid="6" />
                <SequencePoint vc="10" uspid="85" ordinal="2" offset="14" sl="75" sc="13" el="75" ec="14" bec="0" bev="0" fileid="6" />
                <SequencePoint vc="10" uspid="86" ordinal="3" offset="15" sl="76" sc="17" el="76" ec="53" bec="0" bev="0" fileid="6" />
                <SequencePoint vc="6" uspid="87" ordinal="4" offset="24" sl="78" sc="13" el="78" ec="45" bec="2" bev="2" fileid="6" />
                <SequencePoint vc="5" uspid="88" ordinal="5" offset="37" sl="79" sc="13" el="79" ec="14" bec="0" bev="0" fileid="6" />
                <SequencePoint vc="5" uspid="89" ordinal="6" offset="38" sl="80" sc="17" el="80" ec="52" bec="0" bev="0" fileid="6" />
                <SequencePoint vc="1" uspid="90" ordinal="7" offset="47" sl="83" sc="13" el="83" ec="99" bec="0" bev="0" fileid="6" />
                <SequencePoint vc="10" uspid="91" ordinal="8" offset="58" sl="84" sc="9" el="84" ec="10" bec="0" bev="0" fileid="6" />
              </SequencePoints>
              <BranchPoints>
                <BranchPoint vc="10" uspid="92" ordinal="0" offset="12" sl="74" path="0" offsetend="14" fileid="6" />
                <BranchPoint vc="6" uspid="93" ordinal="1" offset="12" sl="74" path="1" offsetend="24" fileid="6" />
                <BranchPoint vc="5" uspid="94" ordinal="2" offset="35" sl="78" path="0" offsetend="37" fileid="6" />
                <BranchPoint vc="1" uspid="95" ordinal="3" offset="35" sl="78" path="1" offsetend="47" fileid="6" />
              </BranchPoints>
              <MethodPoint xsi:type="SequencePoint" vc="16" uspid="83" ordinal="0" offset="0" sl="73" sc="9" el="73" ec="10" bec="0" bev="0" fileid="6" />
            </Method>
            <Method visited="true" cyclomaticComplexity="2" sequenceCoverage="100" branchCoverage="100" isConstructor="false" isStatic="false" isGetter="false" isSetter="false">
              <Summary numSequencePoints="11" visitedSequencePoints="11" numBranchPoints="3" visitedBranchPoints="3" sequenceCoverage="100" branchCoverage="100" maxCyclomaticComplexity="2" minCyclomaticComplexity="2" />
              <MetadataToken>100663320</MetadataToken>
              <Name>System.Void SeeSharpHttpLiveStreaming.Playlist.PlaylistBase::ProcessSingleLine(SeeSharpHttpLiveStreaming.Playlist.PlaylistLine)</Name>
              <FileRef uid="6" />
              <SequencePoints>
                <SequencePoint vc="84" uspid="96" ordinal="0" offset="0" sl="91" sc="9" el="91" ec="10" bec="0" bev="0" fileid="6" />
                <SequencePoint vc="84" uspid="97" ordinal="1" offset="1" sl="92" sc="13" el="92" ec="53" bec="0" bev="0" fileid="6" />
                <SequencePoint vc="84" uspid="98" ordinal="2" offset="14" sl="93" sc="13" el="93" ec="52" bec="2" bev="2" fileid="6" />
                <SequencePoint vc="69" uspid="99" ordinal="3" offset="27" sl="94" sc="13" el="94" ec="14" bec="0" bev="0" fileid="6" />
                <SequencePoint vc="69" uspid="100" ordinal="4" offset="28" sl="95" sc="17" el="95" ec="32" bec="0" bev="0" fileid="6" />
                <SequencePoint vc="69" uspid="101" ordinal="5" offset="41" sl="96" sc="13" el="96" ec="14" bec="0" bev="0" fileid="6" />
                <SequencePoint vc="15" uspid="102" ordinal="6" offset="44" sl="98" sc="13" el="98" ec="14" bec="0" bev="0" fileid="6" />
                <SequencePoint vc="15" uspid="103" ordinal="7" offset="45" sl="99" sc="17" el="99" ec="48" bec="0" bev="0" fileid="6" />
                <SequencePoint vc="15" uspid="104" ordinal="8" offset="52" sl="100" sc="17" el="100" ec="52" bec="0" bev="0" fileid="6" />
                <SequencePoint vc="15" uspid="105" ordinal="9" offset="65" sl="101" sc="13" el="101" ec="14" bec="0" bev="0" fileid="6" />
                <SequencePoint vc="84" uspid="106" ordinal="10" offset="66" sl="102" sc="9" el="102" ec="10" bec="0" bev="0" fileid="6" />
              </SequencePoints>
              <BranchPoints>
                <BranchPoint vc="69" uspid="107" ordinal="0" offset="25" sl="93" path="0" offsetend="27" fileid="6" />
                <BranchPoint vc="15" uspid="108" ordinal="1" offset="25" sl="93" path="1" offsetend="44" fileid="6" />
              </BranchPoints>
              <MethodPoint xsi:type="SequencePoint" vc="84" uspid="96" ordinal="0" offset="0" sl="91" sc="9" el="91" ec="10" bec="0" bev="0" fileid="6" />
            </Method>
            <Method visited="true" cyclomaticComplexity="1" sequenceCoverage="100" branchCoverage="100" isConstructor="true" isStatic="false" isGetter="false" isSetter="false">
              <Summary numSequencePoints="1" visitedSequencePoints="1" numBranchPoints="1" visitedBranchPoints="1" sequenceCoverage="100" branchCoverage="100" maxCyclomaticComplexity="1" minCyclomaticComplexity="1" />
              <MetadataToken>100663321</MetadataToken>
              <Name>System.Void SeeSharpHttpLiveStreaming.Playlist.PlaylistBase::.ctor()</Name>
              <FileRef uid="6" />
              <SequencePoints>
                <SequencePoint vc="15" uspid="109" ordinal="0" offset="0" sl="22" sc="9" el="22" ec="70" bec="0" bev="0" fileid="6" />
              </SequencePoints>
              <BranchPoints />
              <MethodPoint xsi:type="SequencePoint" vc="15" uspid="109" ordinal="0" offset="0" sl="22" sc="9" el="22" ec="70" bec="0" bev="0" fileid="6" />
            </Method>
            <Method visited="true" cyclomaticComplexity="1" sequenceCoverage="100" branchCoverage="100" isConstructor="false" isStatic="true" isGetter="false" isSetter="false">
              <Summary numSequencePoints="1" visitedSequencePoints="1" numBranchPoints="1" visitedBranchPoints="1" sequenceCoverage="100" branchCoverage="100" maxCyclomaticComplexity="1" minCyclomaticComplexity="1" />
              <MetadataToken>100663322</MetadataToken>
              <Name>System.Boolean SeeSharpHttpLiveStreaming.Playlist.PlaylistBase::&lt;GetFirstNonCommonTag&gt;b__0(SeeSharpHttpLiveStreaming.Playlist.PlaylistLine)</Name>
              <FileRef uid="6" />
              <SequencePoints>
                <SequencePoint vc="31" uspid="110" ordinal="0" offset="0" sl="60" sc="49" el="60" ec="71" bec="0" bev="0" fileid="6" />
              </SequencePoints>
              <BranchPoints />
              <MethodPoint xsi:type="SequencePoint" vc="31" uspid="110" ordinal="0" offset="0" sl="60" sc="49" el="60" ec="71" bec="0" bev="0" fileid="6" />
            </Method>
          </Methods>
        </Class>
        <Class>
          <Summary numSequencePoints="40" visitedSequencePoints="40" numBranchPoints="17" visitedBranchPoints="17" sequenceCoverage="100" branchCoverage="100" maxCyclomaticComplexity="5" minCyclomaticComplexity="1" />
          <FullName>SeeSharpHttpLiveStreaming.Playlist.MasterPlaylist</FullName>
          <Methods>
            <Method visited="true" cyclomaticComplexity="1" sequenceCoverage="100" branchCoverage="100" isConstructor="false" isStatic="false" isGetter="true" isSetter="false">
              <Summary numSequencePoints="3" visitedSequencePoints="3" numBranchPoints="1" visitedBranchPoints="1" sequenceCoverage="100" branchCoverage="100" maxCyclomaticComplexity="1" minCyclomaticComplexity="1" />
              <MetadataToken>100663324</MetadataToken>
              <Name>System.Collections.Generic.IReadOnlyCollection`1&lt;SeeSharpHttpLiveStreaming.Playlist.Tags.Master.RenditionGroup&gt; SeeSharpHttpLiveStreaming.Playlist.MasterPlaylist::get_RenditionGroups()</Name>
              <FileRef uid="7" />
              <SequencePoints>
                <SequencePoint vc="6" uspid="111" ordinal="0" offset="0" sl="34" sc="13" el="34" ec="14" bec="0" bev="0" fileid="7" />
                <SequencePoint vc="6" uspid="112" ordinal="1" offset="1" sl="35" sc="17" el="35" ec="81" bec="0" bev="0" fileid="7" />
                <SequencePoint vc="6" uspid="113" ordinal="2" offset="15" sl="36" sc="13" el="36" ec="14" bec="0" bev="0" fileid="7" />
              </SequencePoints>
              <BranchPoints />
              <MethodPoint xsi:type="SequencePoint" vc="6" uspid="111" ordinal="0" offset="0" sl="34" sc="13" el="34" ec="14" bec="0" bev="0" fileid="7" />
            </Method>
            <Method visited="true" cyclomaticComplexity="1" sequenceCoverage="100" branchCoverage="100" isConstructor="true" isStatic="false" isGetter="false" isSetter="false">
              <Summary numSequencePoints="5" visitedSequencePoints="5" numBranchPoints="1" visitedBranchPoints="1" sequenceCoverage="100" branchCoverage="100" maxCyclomaticComplexity="1" minCyclomaticComplexity="1" />
              <MetadataToken>100663323</MetadataToken>
              <Name>System.Void SeeSharpHttpLiveStreaming.Playlist.MasterPlaylist::.ctor(System.Collections.Generic.IReadOnlyCollection`1&lt;SeeSharpHttpLiveStreaming.Playlist.PlaylistLine&gt;)</Name>
              <FileRef uid="7" />
              <SequencePoints>
                <SequencePoint vc="10" uspid="114" ordinal="0" offset="0" sl="17" sc="9" el="17" ec="93" bec="0" bev="0" fileid="7" />
                <SequencePoint vc="10" uspid="115" ordinal="1" offset="11" sl="23" sc="9" el="23" ec="74" bec="0" bev="0" fileid="7" />
                <SequencePoint vc="10" uspid="116" ordinal="2" offset="18" sl="24" sc="9" el="24" ec="10" bec="0" bev="0" fileid="7" />
                <SequencePoint vc="10" uspid="117" ordinal="3" offset="19" sl="25" sc="13" el="25" ec="29" bec="0" bev="0" fileid="7" />
                <SequencePoint vc="6" uspid="118" ordinal="4" offset="27" sl="26" sc="9" el="26" ec="10" bec="0" bev="0" fileid="7" />
              </SequencePoints>
              <BranchPoints />
              <MethodPoint xsi:type="SequencePoint" vc="10" uspid="114" ordinal="0" offset="0" sl="17" sc="9" el="17" ec="93" bec="0" bev="0" fileid="7" />
            </Method>
            <Method visited="true" cyclomaticComplexity="1" sequenceCoverage="100" branchCoverage="100" isConstructor="false" isStatic="false" isGetter="false" isSetter="false">
              <Summary numSequencePoints="5" visitedSequencePoints="5" numBranchPoints="1" visitedBranchPoints="1" sequenceCoverage="100" branchCoverage="100" maxCyclomaticComplexity="1" minCyclomaticComplexity="1" />
              <MetadataToken>100663325</MetadataToken>
              <Name>System.Void SeeSharpHttpLiveStreaming.Playlist.MasterPlaylist::Parse(System.Collections.Generic.IReadOnlyCollection`1&lt;SeeSharpHttpLiveStreaming.Playlist.PlaylistLine&gt;)</Name>
              <FileRef uid="7" />
              <SequencePoints>
                <SequencePoint vc="10" uspid="119" ordinal="0" offset="0" sl="45" sc="9" el="45" ec="10" bec="0" bev="0" fileid="7" />
                <SequencePoint vc="10" uspid="120" ordinal="1" offset="1" sl="46" sc="13" el="46" ec="48" bec="0" bev="0" fileid="7" />
                <SequencePoint vc="10" uspid="121" ordinal="2" offset="13" sl="47" sc="13" el="47" ec="31" bec="0" bev="0" fileid="7" />
                <SequencePoint vc="9" uspid="122" ordinal="3" offset="21" sl="48" sc="13" el="48" ec="37" bec="0" bev="0" fileid="7" />
                <SequencePoint vc="6" uspid="123" ordinal="4" offset="28" sl="49" sc="9" el="49" ec="10" bec="0" bev="0" fileid="7" />
              </SequencePoints>
              <BranchPoints />
              <MethodPoint xsi:type="SequencePoint" vc="10" uspid="119" ordinal="0" offset="0" sl="45" sc="9" el="45" ec="10" bec="0" bev="0" fileid="7" />
            </Method>
            <Method visited="true" cyclomaticComplexity="4" sequenceCoverage="100" branchCoverage="100" isConstructor="false" isStatic="false" isGetter="false" isSetter="false">
              <Summary numSequencePoints="12" visitedSequencePoints="12" numBranchPoints="5" visitedBranchPoints="5" sequenceCoverage="100" branchCoverage="100" maxCyclomaticComplexity="4" minCyclomaticComplexity="4" />
              <MetadataToken>100663326</MetadataToken>
              <Name>System.Void SeeSharpHttpLiveStreaming.Playlist.MasterPlaylist::CreateRenditionGroups()</Name>
              <FileRef uid="7" />
              <SequencePoints>
                <SequencePoint vc="9" uspid="124" ordinal="0" offset="0" sl="52" sc="9" el="52" ec="10" bec="0" bev="0" fileid="7" />
                <SequencePoint vc="9" uspid="125" ordinal="1" offset="1" sl="53" sc="13" el="53" ec="103" bec="2" bev="2" fileid="7" />
                <SequencePoint vc="9" uspid="126" ordinal="2" offset="54" sl="54" sc="13" el="54" ec="20" bec="0" bev="0" fileid="7" />
                <SequencePoint vc="9" uspid="127" ordinal="3" offset="55" sl="54" sc="41" el="54" ec="49" bec="0" bev="0" fileid="7" />
                <SequencePoint vc="9" uspid="128" ordinal="4" offset="64" sl="54" sc="22" el="54" ec="37" bec="0" bev="0" fileid="7" />
                <SequencePoint vc="9" uspid="129" ordinal="5" offset="71" sl="55" sc="13" el="55" ec="14" bec="0" bev="0" fileid="7" />
                <SequencePoint vc="9" uspid="130" ordinal="6" offset="72" sl="56" sc="17" el="56" ec="103" bec="0" bev="0" fileid="7" />
                <SequencePoint vc="6" uspid="131" ordinal="7" offset="96" sl="57" sc="17" el="57" ec="54" bec="0" bev="0" fileid="7" />
                <SequencePoint vc="6" uspid="132" ordinal="8" offset="109" sl="58" sc="13" el="58" ec="14" bec="0" bev="0" fileid="7" />
                <SequencePoint vc="15" uspid="133" ordinal="9" offset="110" sl="54" sc="38" el="54" ec="40" bec="2" bev="2" fileid="7" />
                <SequencePoint vc="6" uspid="134" ordinal="10" offset="143" sl="60" sc="13" el="60" ec="30" bec="0" bev="0" fileid="7" />
                <SequencePoint vc="6" uspid="135" ordinal="11" offset="149" sl="61" sc="9" el="61" ec="10" bec="0" bev="0" fileid="7" />
              </SequencePoints>
              <BranchPoints>
                <BranchPoint vc="1" uspid="136" ordinal="0" offset="17" sl="53" path="0" offsetend="19" fileid="7" />
                <BranchPoint vc="8" uspid="137" ordinal="1" offset="17" sl="53" path="1" offsetend="38" fileid="7" />
                <BranchPoint vc="6" uspid="138" ordinal="2" offset="120" sl="54" path="0" offsetend="122" fileid="7" />
                <BranchPoint vc="9" uspid="139" ordinal="3" offset="120" sl="54" path="1" offsetend="64" fileid="7" />
              </BranchPoints>
              <MethodPoint xsi:type="SequencePoint" vc="9" uspid="124" ordinal="0" offset="0" sl="52" sc="9" el="52" ec="10" bec="0" bev="0" fileid="7" />
            </Method>
            <Method visited="true" cyclomaticComplexity="1" sequenceCoverage="100" branchCoverage="100" isConstructor="false" isStatic="true" isGetter="false" isSetter="false">
              <Summary numSequencePoints="2" visitedSequencePoints="2" numBranchPoints="1" visitedBranchPoints="1" sequenceCoverage="100" branchCoverage="100" maxCyclomaticComplexity="1" minCyclomaticComplexity="1" />
              <MetadataToken>100663327</MetadataToken>
              <Name>System.Void SeeSharpHttpLiveStreaming.Playlist.MasterPlaylist::ValidateGroups()</Name>
              <FileRef uid="7" />
              <SequencePoints>
                <SequencePoint vc="6" uspid="140" ordinal="0" offset="0" sl="64" sc="9" el="64" ec="10" bec="0" bev="0" fileid="7" />
                <SequencePoint vc="6" uspid="141" ordinal="1" offset="1" sl="65" sc="9" el="65" ec="10" bec="0" bev="0" fileid="7" />
              </SequencePoints>
              <BranchPoints />
              <MethodPoint xsi:type="SequencePoint" vc="6" uspid="140" ordinal="0" offset="0" sl="64" sc="9" el="64" ec="10" bec="0" bev="0" fileid="7" />
            </Method>
            <Method visited="true" cyclomaticComplexity="5" sequenceCoverage="100" branchCoverage="100" isConstructor="false" isStatic="false" isGetter="false" isSetter="false">
              <Summary numSequencePoints="12" visitedSequencePoints="12" numBranchPoints="7" visitedBranchPoints="7" sequenceCoverage="100" branchCoverage="100" maxCyclomaticComplexity="5" minCyclomaticComplexity="5" />
              <MetadataToken>100663328</MetadataToken>
              <Name>System.Void SeeSharpHttpLiveStreaming.Playlist.MasterPlaylist::ReadTags(System.Collections.Generic.IEnumerable`1&lt;SeeSharpHttpLiveStreaming.Playlist.PlaylistLine&gt;)</Name>
              <FileRef uid="7" />
              <SequencePoints>
                <SequencePoint vc="10" uspid="142" ordinal="0" offset="0" sl="68" sc="9" el="68" ec="10" bec="0" bev="0" fileid="7" />
                <SequencePoint vc="10" uspid="143" ordinal="1" offset="1" sl="69" sc="13" el="69" ec="20" bec="0" bev="0" fileid="7" />
                <SequencePoint vc="10" uspid="144" ordinal="2" offset="2" sl="69" sc="34" el="69" ec="41" bec="0" bev="0" fileid="7" />
                <SequencePoint vc="75" uspid="145" ordinal="3" offset="11" sl="69" sc="22" el="69" ec="30" bec="0" bev="0" fileid="7" />
                <SequencePoint vc="75" uspid="146" ordinal="4" offset="18" sl="70" sc="13" el="70" ec="14" bec="0" bev="0" fileid="7" />
                <SequencePoint vc="75" uspid="147" ordinal="5" offset="19" sl="71" sc="17" el="71" ec="77" bec="4" bev="4" fileid="7" />
                <SequencePoint vc="1" uspid="148" ordinal="6" offset="53" sl="72" sc="17" el="72" ec="18" bec="0" bev="0" fileid="7" />
                <SequencePoint vc="1" uspid="149" ordinal="7" offset="54" sl="73" sc="21" el="73" ec="196" bec="0" bev="0" fileid="7" />
                <SequencePoint vc="74" uspid="150" ordinal="8" offset="82" sl="75" sc="17" el="75" ec="41" bec="0" bev="0" fileid="7" />
                <SequencePoint vc="74" uspid="151" ordinal="9" offset="90" sl="76" sc="13" el="76" ec="14" bec="0" bev="0" fileid="7" />
                <SequencePoint vc="84" uspid="152" ordinal="10" offset="91" sl="69" sc="31" el="69" ec="33" bec="2" bev="2" fileid="7" />
                <SequencePoint vc="9" uspid="153" ordinal="11" offset="120" sl="77" sc="9" el="77" ec="10" bec="0" bev="0" fileid="7" />
              </SequencePoints>
              <BranchPoints>
                <BranchPoint vc="11" uspid="154" ordinal="0" offset="31" sl="71" path="0" offsetend="33" fileid="7" />
                <BranchPoint vc="64" uspid="155" ordinal="1" offset="31" sl="71" path="1" offsetend="47" fileid="7" />
                <BranchPoint vc="1" uspid="156" ordinal="2" offset="51" sl="71" path="0" offsetend="53" fileid="7" />
                <BranchPoint vc="74" uspid="157" ordinal="3" offset="51" sl="71" path="1" offsetend="82" fileid="7" />
                <BranchPoint vc="9" uspid="158" ordinal="4" offset="99" sl="69" path="0" offsetend="101" fileid="7" />
                <BranchPoint vc="75" uspid="159" ordinal="5" offset="99" sl="69" path="1" offsetend="11" fileid="7" />
              </BranchPoints>
              <MethodPoint xsi:type="SequencePoint" vc="10" uspid="142" ordinal="0" offset="0" sl="68" sc="9" el="68" ec="10" bec="0" bev="0" fileid="7" />
            </Method>
            <Method visited="true" cyclomaticComplexity="1" sequenceCoverage="100" branchCoverage="100" isConstructor="false" isStatic="true" isGetter="false" isSetter="false">
              <Summary numSequencePoints="1" visitedSequencePoints="1" numBranchPoints="1" visitedBranchPoints="1" sequenceCoverage="100" branchCoverage="100" maxCyclomaticComplexity="1" minCyclomaticComplexity="1" />
              <MetadataToken>100663329</MetadataToken>
              <Name>&lt;&gt;f__AnonymousType0`2&lt;System.String,System.String&gt; SeeSharpHttpLiveStreaming.Playlist.MasterPlaylist::&lt;CreateRenditionGroups&gt;b__2(SeeSharpHttpLiveStreaming.Playlist.Tags.Master.ExtMedia)</Name>
              <FileRef uid="7" />
              <SequencePoints>
                <SequencePoint vc="21" uspid="160" ordinal="0" offset="0" sl="53" sc="65" el="53" ec="90" bec="0" bev="0" fileid="7" />
              </SequencePoints>
              <BranchPoints />
              <MethodPoint xsi:type="SequencePoint" vc="21" uspid="160" ordinal="0" offset="0" sl="53" sc="65" el="53" ec="90" bec="0" bev="0" fileid="7" />
            </Method>
          </Methods>
        </Class>
        <Class>
          <Summary numSequencePoints="41" visitedSequencePoints="41" numBranchPoints="14" visitedBranchPoints="14" sequenceCoverage="100" branchCoverage="100" maxCyclomaticComplexity="5" minCyclomaticComplexity="1" />
          <FullName>SeeSharpHttpLiveStreaming.Playlist.MediaPlaylist</FullName>
          <Methods>
            <Method visited="true" cyclomaticComplexity="1" sequenceCoverage="100" branchCoverage="100" isConstructor="false" isStatic="false" isGetter="true" isSetter="false">
              <Summary numSequencePoints="3" visitedSequencePoints="3" numBranchPoints="1" visitedBranchPoints="1" sequenceCoverage="100" branchCoverage="100" maxCyclomaticComplexity="1" minCyclomaticComplexity="1" />
              <MetadataToken>100663331</MetadataToken>
              <Name>System.Collections.Generic.IReadOnlyCollection`1&lt;SeeSharpHttpLiveStreaming.Playlist.Tags.Media.MediaSegment.MediaSegment&gt; SeeSharpHttpLiveStreaming.Playlist.MediaPlaylist::get_MediaSegments()</Name>
              <FileRef uid="8" />
              <SequencePoints>
                <SequencePoint vc="4" uspid="161" ordinal="0" offset="0" sl="32" sc="17" el="32" ec="18" bec="0" bev="0" fileid="8" />
                <SequencePoint vc="4" uspid="162" ordinal="1" offset="1" sl="32" sc="19" el="32" ec="79" bec="0" bev="0" fileid="8" />
                <SequencePoint vc="4" uspid="163" ordinal="2" offset="15" sl="32" sc="80" el="32" ec="81" bec="0" bev="0" fileid="8" />
              </SequencePoints>
              <BranchPoints />
              <MethodPoint xsi:type="SequencePoint" vc="4" uspid="161" ordinal="0" offset="0" sl="32" sc="17" el="32" ec="18" bec="0" bev="0" fileid="8" />
            </Method>
            <Method visited="true" cyclomaticComplexity="1" sequenceCoverage="100" branchCoverage="100" isConstructor="true" isStatic="false" isGetter="false" isSetter="false">
              <Summary numSequencePoints="5" visitedSequencePoints="5" numBranchPoints="1" visitedBranchPoints="1" sequenceCoverage="100" branchCoverage="100" maxCyclomaticComplexity="1" minCyclomaticComplexity="1" />
              <MetadataToken>100663330</MetadataToken>
              <Name>System.Void SeeSharpHttpLiveStreaming.Playlist.MediaPlaylist::.ctor(System.Collections.Generic.IEnumerable`1&lt;SeeSharpHttpLiveStreaming.Playlist.PlaylistLine&gt;)</Name>
              <FileRef uid="8" />
              <SequencePoints>
                <SequencePoint vc="5" uspid="164" ordinal="0" offset="0" sl="16" sc="9" el="16" ec="87" bec="0" bev="0" fileid="8" />
                <SequencePoint vc="5" uspid="165" ordinal="1" offset="11" sl="22" sc="9" el="22" ec="65" bec="0" bev="0" fileid="8" />
                <SequencePoint vc="5" uspid="166" ordinal="2" offset="18" sl="23" sc="9" el="23" ec="10" bec="0" bev="0" fileid="8" />
                <SequencePoint vc="5" uspid="167" ordinal="3" offset="19" sl="24" sc="13" el="24" ec="29" bec="0" bev="0" fileid="8" />
                <SequencePoint vc="4" uspid="168" ordinal="4" offset="27" sl="25" sc="9" el="25" ec="10" bec="0" bev="0" fileid="8" />
              </SequencePoints>
              <BranchPoints />
              <MethodPoint xsi:type="SequencePoint" vc="5" uspid="164" ordinal="0" offset="0" sl="16" sc="9" el="16" ec="87" bec="0" bev="0" fileid="8" />
            </Method>
            <Method visited="true" cyclomaticComplexity="5" sequenceCoverage="100" branchCoverage="100" isConstructor="false" isStatic="false" isGetter="false" isSetter="false">
              <Summary numSequencePoints="21" visitedSequencePoints="21" numBranchPoints="7" visitedBranchPoints="7" sequenceCoverage="100" branchCoverage="100" maxCyclomaticComplexity="5" minCyclomaticComplexity="5" />
              <MetadataToken>100663332</MetadataToken>
              <Name>System.Void SeeSharpHttpLiveStreaming.Playlist.MediaPlaylist::Parse(System.Collections.Generic.IEnumerable`1&lt;SeeSharpHttpLiveStreaming.Playlist.PlaylistLine&gt;)</Name>
              <FileRef uid="8" />
              <SequencePoints>
                <SequencePoint vc="5" uspid="169" ordinal="0" offset="0" sl="41" sc="9" el="41" ec="10" bec="0" bev="0" fileid="8" />
                <SequencePoint vc="5" uspid="170" ordinal="1" offset="1" sl="51" sc="13" el="51" ec="46" bec="0" bev="0" fileid="8" />
                <SequencePoint vc="5" uspid="171" ordinal="2" offset="3" sl="52" sc="13" el="52" ec="20" bec="0" bev="0" fileid="8" />
                <SequencePoint vc="5" uspid="172" ordinal="3" offset="4" sl="52" sc="34" el="52" ec="41" bec="0" bev="0" fileid="8" />
                <SequencePoint vc="46" uspid="173" ordinal="4" offset="13" sl="52" sc="22" el="52" ec="30" bec="0" bev="0" fileid="8" />
                <SequencePoint vc="46" uspid="174" ordinal="5" offset="20" sl="53" sc="13" el="53" ec="14" bec="0" bev="0" fileid="8" />
                <SequencePoint vc="46" uspid="175" ordinal="6" offset="21" sl="54" sc="17" el="54" ec="48" bec="2" bev="2" fileid="8" />
                <SequencePoint vc="45" uspid="176" ordinal="7" offset="37" sl="55" sc="17" el="55" ec="18" bec="0" bev="0" fileid="8" />
                <SequencePoint vc="45" uspid="177" ordinal="8" offset="38" sl="56" sc="21" el="56" ec="57" bec="2" bev="2" fileid="8" />
                <SequencePoint vc="35" uspid="178" ordinal="9" offset="57" sl="57" sc="21" el="57" ec="22" bec="0" bev="0" fileid="8" />
                <SequencePoint vc="35" uspid="179" ordinal="10" offset="58" sl="58" sc="25" el="58" ec="69" bec="0" bev="0" fileid="8" />
                <SequencePoint vc="35" uspid="180" ordinal="11" offset="68" sl="59" sc="21" el="59" ec="22" bec="0" bev="0" fileid="8" />
                <SequencePoint vc="10" uspid="181" ordinal="12" offset="71" sl="61" sc="21" el="61" ec="22" bec="0" bev="0" fileid="8" />
                <SequencePoint vc="10" uspid="182" ordinal="13" offset="72" sl="62" sc="25" el="62" ec="49" bec="0" bev="0" fileid="8" />
                <SequencePoint vc="10" uspid="183" ordinal="14" offset="80" sl="63" sc="21" el="63" ec="22" bec="0" bev="0" fileid="8" />
                <SequencePoint vc="45" uspid="184" ordinal="15" offset="81" sl="64" sc="17" el="64" ec="18" bec="0" bev="0" fileid="8" />
                <SequencePoint vc="1" uspid="185" ordinal="16" offset="84" sl="66" sc="17" el="66" ec="18" bec="0" bev="0" fileid="8" />
                <SequencePoint vc="1" uspid="186" ordinal="17" offset="85" sl="67" sc="21" el="67" ec="166" bec="0" bev="0" fileid="8" />
                <SequencePoint vc="45" uspid="187" ordinal="18" offset="113" sl="69" sc="13" el="69" ec="14" bec="0" bev="0" fileid="8" />
                <SequencePoint vc="50" uspid="188" ordinal="19" offset="114" sl="52" sc="31" el="52" ec="33" bec="2" bev="2" fileid="8" />
                <SequencePoint vc="4" uspid="189" ordinal="20" offset="143" sl="70" sc="9" el="70" ec="10" bec="0" bev="0" fileid="8" />
              </SequencePoints>
              <BranchPoints>
                <BranchPoint vc="45" uspid="190" ordinal="0" offset="35" sl="54" path="0" offsetend="37" fileid="8" />
                <BranchPoint vc="1" uspid="191" ordinal="1" offset="35" sl="54" path="1" offsetend="84" fileid="8" />
                <BranchPoint vc="35" uspid="192" ordinal="2" offset="55" sl="56" path="0" offsetend="57" fileid="8" />
                <BranchPoint vc="10" uspid="193" ordinal="3" offset="55" sl="56" path="1" offsetend="71" fileid="8" />
                <BranchPoint vc="4" uspid="194" ordinal="4" offset="122" sl="52" path="0" offsetend="124" fileid="8" />
                <BranchPoint vc="46" uspid="195" ordinal="5" offset="122" sl="52" path="1" offsetend="13" fileid="8" />
              </BranchPoints>
              <MethodPoint xsi:type="SequencePoint" vc="5" uspid="169" ordinal="0" offset="0" sl="41" sc="9" el="41" ec="10" bec="0" bev="0" fileid="8" />
            </Method>
            <Method visited="true" cyclomaticComplexity="3" sequenceCoverage="100" branchCoverage="100" isConstructor="false" isStatic="false" isGetter="false" isSetter="false">
              <Summary numSequencePoints="12" visitedSequencePoints="12" numBranchPoints="5" visitedBranchPoints="5" sequenceCoverage="100" branchCoverage="100" maxCyclomaticComplexity="3" minCyclomaticComplexity="3" />
              <MetadataToken>100663333</MetadataToken>
              <Name>System.Void SeeSharpHttpLiveStreaming.Playlist.MediaPlaylist::ProcessMediaSegment(SeeSharpHttpLiveStreaming.Playlist.PlaylistLine,SeeSharpHttpLiveStreaming.Playlist.Tags.Media.MediaSegment.MediaSegment&amp;)</Name>
              <FileRef uid="8" />
              <SequencePoints>
                <SequencePoint vc="45" uspid="196" ordinal="0" offset="0" sl="73" sc="9" el="73" ec="10" bec="0" bev="0" fileid="8" />
                <SequencePoint vc="45" uspid="197" ordinal="1" offset="1" sl="74" sc="13" el="74" ec="38" bec="2" bev="2" fileid="8" />
                <SequencePoint vc="15" uspid="198" ordinal="2" offset="13" sl="75" sc="13" el="75" ec="14" bec="0" bev="0" fileid="8" />
                <SequencePoint vc="15" uspid="199" ordinal="3" offset="14" sl="76" sc="17" el="76" ec="64" bec="0" bev="0" fileid="8" />
                <SequencePoint vc="15" uspid="200" ordinal="4" offset="28" sl="77" sc="17" el="77" ec="50" bec="0" bev="0" fileid="8" />
                <SequencePoint vc="15" uspid="201" ordinal="5" offset="42" sl="78" sc="13" el="78" ec="14" bec="0" bev="0" fileid="8" />
                <SequencePoint vc="30" uspid="202" ordinal="6" offset="45" sl="79" sc="18" el="79" ec="59" bec="2" bev="2" fileid="8" />
                <SequencePoint vc="10" uspid="203" ordinal="7" offset="63" sl="80" sc="13" el="80" ec="14" bec="0" bev="0" fileid="8" />
                <SequencePoint vc="10" uspid="204" ordinal="8" offset="64" sl="81" sc="17" el="81" ec="37" bec="0" bev="0" fileid="8" />
                <SequencePoint vc="10" uspid="205" ordinal="9" offset="67" sl="82" sc="17" el="82" ec="61" bec="0" bev="0" fileid="8" />
                <SequencePoint vc="10" uspid="206" ordinal="10" offset="76" sl="83" sc="13" el="83" ec="14" bec="0" bev="0" fileid="8" />
                <SequencePoint vc="45" uspid="207" ordinal="11" offset="77" sl="84" sc="9" el="84" ec="10" bec="0" bev="0" fileid="8" />
              </SequencePoints>
              <BranchPoints>
                <BranchPoint vc="15" uspid="208" ordinal="0" offset="11" sl="74" path="0" offsetend="13" fileid="8" />
                <BranchPoint vc="30" uspid="209" ordinal="1" offset="11" sl="74" path="1" offsetend="45" fileid="8" />
                <BranchPoint vc="10" uspid="210" ordinal="2" offset="61" sl="79" path="0" offsetend="63" fileid="8" />
                <BranchPoint vc="20" uspid="211" ordinal="3" offset="61" sl="79" path="1" offsetend="77" fileid="8" />
              </BranchPoints>
              <MethodPoint xsi:type="SequencePoint" vc="45" uspid="196" ordinal="0" offset="0" sl="73" sc="9" el="73" ec="10" bec="0" bev="0" fileid="8" />
            </Method>
          </Methods>
        </Class>
        <Class>
          <Summary numSequencePoints="48" visitedSequencePoints="48" numBranchPoints="20" visitedBranchPoints="20" sequenceCoverage="100" branchCoverage="100" maxCyclomaticComplexity="3" minCyclomaticComplexity="1" />
          <FullName>SeeSharpHttpLiveStreaming.Playlist.PlaylistLine</FullName>
          <Methods>
            <Method visited="true" cyclomaticComplexity="2" sequenceCoverage="100" branchCoverage="100" isConstructor="true" isStatic="false" isGetter="false" isSetter="false">
              <Summary numSequencePoints="10" visitedSequencePoints="10" numBranchPoints="3" visitedBranchPoints="3" sequenceCoverage="100" branchCoverage="100" maxCyclomaticComplexity="2" minCyclomaticComplexity="2" />
              <MetadataToken>100663334</MetadataToken>
              <Name>System.Void SeeSharpHttpLiveStreaming.Playlist.PlaylistLine::.ctor(System.String,System.String)</Name>
              <FileRef uid="9" />
              <SequencePoints>
                <SequencePoint vc="156" uspid="212" ordinal="0" offset="0" sl="32" sc="9" el="32" ec="10" bec="0" bev="0" fileid="9" />
                <SequencePoint vc="156" uspid="213" ordinal="1" offset="1" sl="33" sc="13" el="33" ec="39" bec="0" bev="0" fileid="9" />
                <SequencePoint vc="156" uspid="214" ordinal="2" offset="13" sl="34" sc="13" el="34" ec="41" bec="0" bev="0" fileid="9" />
                <SequencePoint vc="156" uspid="215" ordinal="3" offset="25" sl="36" sc="13" el="36" ec="39" bec="2" bev="2" fileid="9" />
                <SequencePoint vc="1" uspid="216" ordinal="4" offset="36" sl="37" sc="13" el="37" ec="14" bec="0" bev="0" fileid="9" />
                <SequencePoint vc="1" uspid="217" ordinal="5" offset="37" sl="38" sc="17" el="38" ec="92" bec="0" bev="0" fileid="9" />
                <SequencePoint vc="155" uspid="218" ordinal="6" offset="48" sl="41" sc="13" el="41" ec="23" bec="0" bev="0" fileid="9" />
                <SequencePoint vc="155" uspid="219" ordinal="7" offset="55" sl="42" sc="13" el="42" ec="25" bec="0" bev="0" fileid="9" />
                <SequencePoint vc="155" uspid="220" ordinal="8" offset="62" sl="43" sc="13" el="43" ec="24" bec="0" bev="0" fileid="9" />
                <SequencePoint vc="155" uspid="221" ordinal="9" offset="69" sl="44" sc="9" el="44" ec="10" bec="0" bev="0" fileid="9" />
              </SequencePoints>
              <BranchPoints>
                <BranchPoint vc="1" uspid="222" ordinal="0" offset="34" sl="36" path="0" offsetend="36" fileid="9" />
                <BranchPoint vc="155" uspid="223" ordinal="1" offset="34" sl="36" path="1" offsetend="48" fileid="9" />
              </BranchPoints>
              <MethodPoint xsi:type="SequencePoint" vc="156" uspid="212" ordinal="0" offset="0" sl="32" sc="9" el="32" ec="10" bec="0" bev="0" fileid="9" />
            </Method>
            <Method visited="true" cyclomaticComplexity="2" sequenceCoverage="100" branchCoverage="100" isConstructor="true" isStatic="false" isGetter="false" isSetter="false">
              <Summary numSequencePoints="7" visitedSequencePoints="7" numBranchPoints="3" visitedBranchPoints="3" sequenceCoverage="100" branchCoverage="100" maxCyclomaticComplexity="2" minCyclomaticComplexity="2" />
              <MetadataToken>100663335</MetadataToken>
              <Name>System.Void SeeSharpHttpLiveStreaming.Playlist.PlaylistLine::.ctor(System.String,System.String,System.String)</Name>
              <FileRef uid="9" />
              <SequencePoints>
                <SequencePoint vc="71" uspid="224" ordinal="0" offset="0" sl="55" sc="9" el="56" ec="30" bec="0" bev="0" fileid="9" />
                <SequencePoint vc="71" uspid="225" ordinal="1" offset="9" sl="57" sc="9" el="57" ec="10" bec="0" bev="0" fileid="9" />
                <SequencePoint vc="71" uspid="226" ordinal="2" offset="10" sl="60" sc="13" el="60" ec="67" bec="2" bev="2" fileid="9" />
                <SequencePoint vc="1" uspid="227" ordinal="3" offset="23" sl="61" sc="13" el="61" ec="14" bec="0" bev="0" fileid="9" />
                <SequencePoint vc="1" uspid="228" ordinal="4" offset="24" sl="62" sc="17" el="62" ec="85" bec="0" bev="0" fileid="9" />
                <SequencePoint vc="70" uspid="229" ordinal="5" offset="40" sl="64" sc="13" el="64" ec="26" bec="0" bev="0" fileid="9" />
                <SequencePoint vc="70" uspid="230" ordinal="6" offset="47" sl="65" sc="9" el="65" ec="10" bec="0" bev="0" fileid="9" />
              </SequencePoints>
              <BranchPoints>
                <BranchPoint vc="1" uspid="231" ordinal="0" offset="21" sl="60" path="0" offsetend="23" fileid="9" />
                <BranchPoint vc="70" uspid="232" ordinal="1" offset="21" sl="60" path="1" offsetend="40" fileid="9" />
              </BranchPoints>
              <MethodPoint xsi:type="SequencePoint" vc="71" uspid="224" ordinal="0" offset="0" sl="55" sc="9" el="56" ec="30" bec="0" bev="0" fileid="9" />
            </Method>
            <Method visited="true" cyclomaticComplexity="2" sequenceCoverage="100" branchCoverage="100" isConstructor="false" isStatic="false" isGetter="false" isSetter="false">
              <Summary numSequencePoints="7" visitedSequencePoints="7" numBranchPoints="3" visitedBranchPoints="3" sequenceCoverage="100" branchCoverage="100" maxCyclomaticComplexity="2" minCyclomaticComplexity="2" />
              <MetadataToken>100663336</MetadataToken>
              <Name>System.String SeeSharpHttpLiveStreaming.Playlist.PlaylistLine::GetParameters()</Name>
              <FileRef uid="9" />
              <SequencePoints>
[...]
              <MetadataToken>100663573</MetadataToken>
              <Name>System.Decimal SeeSharpHttpLiveStreaming.Utils.ValueParsers.ValueParser::ParseDecimal(System.String,System.String,System.Boolean)</Name>
              <FileRef uid="35" />
              <SequencePoints>
                <SequencePoint vc="3" uspid="1458" ordinal="0" offset="0" sl="196" sc="9" el="196" ec="10" bec="0" bev="0" fileid="35" />
                <SequencePoint vc="3" uspid="1459" ordinal="1" offset="1" sl="197" sc="13" el="197" ec="82" bec="0" bev="0" fileid="35" />
                <SequencePoint vc="3" uspid="1460" ordinal="2" offset="10" sl="199" sc="13" el="201" ec="21" bec="2" bev="2" fileid="35" />
                <SequencePoint vc="3" uspid="1461" ordinal="3" offset="51" sl="202" sc="9" el="202" ec="10" bec="0" bev="0" fileid="35" />
              </SequencePoints>
              <BranchPoints>
                <BranchPoint vc="1" uspid="1462" ordinal="0" offset="21" sl="199" path="0" offsetend="23" fileid="35" />
                <BranchPoint vc="2" uspid="1463" ordinal="1" offset="21" sl="199" path="1" offsetend="31" fileid="35" />
              </BranchPoints>
              <MethodPoint xsi:type="SequencePoint" vc="3" uspid="1458" ordinal="0" offset="0" sl="196" sc="9" el="196" ec="10" bec="0" bev="0" fileid="35" />
            </Method>
            <Method visited="true" cyclomaticComplexity="5" sequenceCoverage="100" branchCoverage="100" isConstructor="false" isStatic="true" isGetter="false" isSetter="false">
              <Summary numSequencePoints="19" visitedSequencePoints="19" numBranchPoints="9" visitedBranchPoints="9" sequenceCoverage="100" branchCoverage="100" maxCyclomaticComplexity="5" minCyclomaticComplexity="5" />
              <MetadataToken>100663574</MetadataToken>
              <Name>System.String SeeSharpHttpLiveStreaming.Utils.ValueParsers.ValueParser::ParseHexadecimal(System.String,System.String,System.Boolean,System.Int32)</Name>
              <FileRef uid="35" />
              <SequencePoints>
                <SequencePoint vc="14" uspid="1464" ordinal="0" offset="0" sl="226" sc="9" el="226" ec="10" bec="0" bev="0" fileid="35" />
                <SequencePoint vc="14" uspid="1465" ordinal="1" offset="1" sl="228" sc="13" el="228" ec="35" bec="2" bev="2" fileid="35" />
                <SequencePoint vc="1" uspid="1466" ordinal="2" offset="12" sl="229" sc="13" el="229" ec="14" bec="0" bev="0" fileid="35" />
                <SequencePoint vc="1" uspid="1467" ordinal="3" offset="13" sl="230" sc="17" el="230" ec="131" bec="0" bev="0" fileid="35" />
                <SequencePoint vc="13" uspid="1468" ordinal="4" offset="51" sl="232" sc="13" el="232" ec="82" bec="0" bev="0" fileid="35" />
                <SequencePoint vc="13" uspid="1469" ordinal="5" offset="60" sl="234" sc="13" el="234" ec="39" bec="2" bev="2" fileid="35" />
                <SequencePoint vc="2" uspid="1470" ordinal="6" offset="78" sl="235" sc="13" el="235" ec="14" bec="0" bev="0" fileid="35" />
                <SequencePoint vc="2" uspid="1471" ordinal="7" offset="79" sl="236" sc="17" el="236" ec="37" bec="0" bev="0" fileid="35" />
                <SequencePoint vc="11" uspid="1472" ordinal="8" offset="90" sl="239" sc="13" el="239" ec="40" bec="2" bev="2" fileid="35" />
                <SequencePoint vc="9" uspid="1473" ordinal="9" offset="108" sl="240" sc="13" el="240" ec="14" bec="0" bev="0" fileid="35" />
                <SequencePoint vc="9" uspid="1474" ordinal="10" offset="109" sl="241" sc="17" el="241" ec="44" bec="0" bev="0" fileid="35" />
                <SequencePoint vc="9" uspid="1475" ordinal="11" offset="117" sl="242" sc="13" el="242" ec="14" bec="0" bev="0" fileid="35" />
                <SequencePoint vc="11" uspid="1476" ordinal="12" offset="118" sl="244" sc="13" el="244" ec="49" bec="0" bev="0" fileid="35" />
                <SequencePoint vc="11" uspid="1477" ordinal="13" offset="122" sl="245" sc="13" el="245" ec="44" bec="2" bev="2" fileid="35" />
                <SequencePoint vc="1" uspid="1478" ordinal="14" offset="138" sl="246" sc="13" el="246" ec="14" bec="0" bev="0" fileid="35" />
                <SequencePoint vc="1" uspid="1479" ordinal="15" offset="139" sl="247" sc="17" el="247" ec="145" bec="0" bev="0" fileid="35" />
                <SequencePoint vc="10" uspid="1480" ordinal="16" offset="212" sl="250" sc="13" el="250" ec="53" bec="0" bev="0" fileid="35" />
                <SequencePoint vc="10" uspid="1481" ordinal="17" offset="222" sl="251" sc="13" el="251" ec="26" bec="0" bev="0" fileid="35" />
                <SequencePoint vc="12" uspid="1482" ordinal="18" offset="226" sl="252" sc="9" el="252" ec="10" bec="0" bev="0" fileid="35" />
              </SequencePoints>
              <BranchPoints>
                <BranchPoint vc="1" uspid="1483" ordinal="0" offset="10" sl="228" path="0" offsetend="12" fileid="35" />
                <BranchPoint vc="13" uspid="1484" ordinal="1" offset="10" sl="228" path="1" offsetend="51" fileid="35" />
                <BranchPoint vc="2" uspid="1485" ordinal="2" offset="76" sl="234" path="0" offsetend="78" fileid="35" />
                <BranchPoint vc="11" uspid="1486" ordinal="3" offset="76" sl="234" path="1" offsetend="90" fileid="35" />
                <BranchPoint vc="9" uspid="1487" ordinal="4" offset="106" sl="239" path="0" offsetend="108" fileid="35" />
                <BranchPoint vc="2" uspid="1488" ordinal="5" offset="106" sl="239" path="1" offsetend="118" fileid="35" />
                <BranchPoint vc="1" uspid="1489" ordinal="6" offset="136" sl="245" path="0" offsetend="138" fileid="35" />
                <BranchPoint vc="10" uspid="1490" ordinal="7" offset="136" sl="245" path="1" offsetend="212" fileid="35" />
              </BranchPoints>
              <MethodPoint xsi:type="SequencePoint" vc="14" uspid="1464" ordinal="0" offset="0" sl="226" sc="9" el="226" ec="10" bec="0" bev="0" fileid="35" />
            </Method>
            <Method visited="true" cyclomaticComplexity="3" sequenceCoverage="100" branchCoverage="100" isConstructor="false" isStatic="true" isGetter="false" isSetter="false">
              <Summary numSequencePoints="17" visitedSequencePoints="17" numBranchPoints="5" visitedBranchPoints="5" sequenceCoverage="100" branchCoverage="100" maxCyclomaticComplexity="3" minCyclomaticComplexity="3" />
              <MetadataToken>100663575</MetadataToken>
              <Name>SeeSharpHttpLiveStreaming.Playlist.Tags.Resolution SeeSharpHttpLiveStreaming.Utils.ValueParsers.ValueParser::ParseResolution(System.String,System.String,System.Boolean)</Name>
              <FileRef uid="35" />
              <SequencePoints>
                <SequencePoint vc="45" uspid="1491" ordinal="0" offset="0" sl="268" sc="9" el="268" ec="10" bec="0" bev="0" fileid="35" />
                <SequencePoint vc="45" uspid="1492" ordinal="1" offset="1" sl="269" sc="13" el="269" ec="82" bec="0" bev="0" fileid="35" />
                <SequencePoint vc="44" uspid="1493" ordinal="2" offset="10" sl="270" sc="13" el="270" ec="74" bec="0" bev="0" fileid="35" />
                <SequencePoint vc="44" uspid="1494" ordinal="3" offset="23" sl="271" sc="13" el="271" ec="31" bec="2" bev="2" fileid="35" />
                <SequencePoint vc="38" uspid="1495" ordinal="4" offset="36" sl="272" sc="13" el="272" ec="14" bec="0" bev="0" fileid="35" />
                <SequencePoint vc="38" uspid="1496" ordinal="5" offset="37" sl="273" sc="17" el="273" ec="35" bec="2" bev="2" fileid="35" />
                <SequencePoint vc="1" uspid="1497" ordinal="6" offset="47" sl="274" sc="17" el="274" ec="18" bec="0" bev="0" fileid="35" />
                <SequencePoint vc="1" uspid="1498" ordinal="7" offset="48" sl="275" sc="21" el="275" ec="104" bec="0" bev="0" fileid="35" />
                <SequencePoint vc="37" uspid="1499" ordinal="8" offset="65" sl="277" sc="17" el="277" ec="43" bec="0" bev="0" fileid="35" />
                <SequencePoint vc="6" uspid="1500" ordinal="9" offset="74" sl="280" sc="13" el="280" ec="14" bec="0" bev="0" fileid="35" />
                <SequencePoint vc="6" uspid="1501" ordinal="10" offset="75" sl="281" sc="17" el="281" ec="118" bec="0" bev="0" fileid="35" />
                <SequencePoint vc="5" uspid="1502" ordinal="11" offset="95" sl="282" sc="17" el="282" ec="119" bec="0" bev="0" fileid="35" />
                <SequencePoint vc="5" uspid="1503" ordinal="12" offset="116" sl="283" sc="17" el="283" ec="45" bec="0" bev="0" fileid="35" />
                <SequencePoint vc="1" uspid="1504" ordinal="13" offset="127" sl="285" sc="13" el="285" ec="33" bec="0" bev="0" fileid="35" />
                <SequencePoint vc="1" uspid="1505" ordinal="14" offset="129" sl="286" sc="13" el="286" ec="14" bec="0" bev="0" fileid="35" />
                <SequencePoint vc="1" uspid="1506" ordinal="15" offset="130" sl="287" sc="17" el="287" ec="96" bec="0" bev="0" fileid="35" />
                <SequencePoint vc="42" uspid="1507" ordinal="16" offset="150" sl="289" sc="9" el="289" ec="10" bec="0" bev="0" fileid="35" />
              </SequencePoints>
              <BranchPoints>
                <BranchPoint vc="38" uspid="1508" ordinal="0" offset="34" sl="271" path="0" offsetend="36" fileid="35" />
                <BranchPoint vc="6" uspid="1509" ordinal="1" offset="34" sl="271" path="1" offsetend="74" fileid="35" />
                <BranchPoint vc="1" uspid="1510" ordinal="2" offset="45" sl="273" path="0" offsetend="47" fileid="35" />
                <BranchPoint vc="37" uspid="1511" ordinal="3" offset="45" sl="273" path="1" offsetend="65" fileid="35" />
              </BranchPoints>
              <MethodPoint xsi:type="SequencePoint" vc="45" uspid="1491" ordinal="0" offset="0" sl="268" sc="9" el="268" ec="10" bec="0" bev="0" fileid="35" />
            </Method>
            <Method visited="true" cyclomaticComplexity="2" sequenceCoverage="100" branchCoverage="100" isConstructor="false" isStatic="true" isGetter="false" isSetter="false">
              <Summary numSequencePoints="6" visitedSequencePoints="6" numBranchPoints="3" visitedBranchPoints="3" sequenceCoverage="100" branchCoverage="100" maxCyclomaticComplexity="2" minCyclomaticComplexity="2" />
              <MetadataToken>100663576</MetadataToken>
              <Name>System.Int32 SeeSharpHttpLiveStreaming.Utils.ValueParsers.ValueParser::ParseInt(System.String)</Name>
              <FileRef uid="35" />
              <SequencePoints>
                <SequencePoint vc="50" uspid="1512" ordinal="0" offset="0" sl="302" sc="9" el="302" ec="10" bec="0" bev="0" fileid="35" />
                <SequencePoint vc="50" uspid="1513" ordinal="1" offset="1" sl="304" sc="13" el="304" ec="100" bec="2" bev="2" fileid="35" />
                <SequencePoint vc="3" uspid="1514" ordinal="2" offset="19" sl="305" sc="13" el="305" ec="14" bec="0" bev="0" fileid="35" />
                <SequencePoint vc="3" uspid="1515" ordinal="3" offset="20" sl="306" sc="17" el="306" ec="86" bec="0" bev="0" fileid="35" />
                <SequencePoint vc="47" uspid="1516" ordinal="4" offset="37" sl="308" sc="13" el="308" ec="26" bec="0" bev="0" fileid="35" />
                <SequencePoint vc="47" uspid="1517" ordinal="5" offset="41" sl="309" sc="9" el="309" ec="10" bec="0" bev="0" fileid="35" />
              </SequencePoints>
              <BranchPoints>
                <BranchPoint vc="3" uspid="1518" ordinal="0" offset="17" sl="304" path="0" offsetend="19" fileid="35" />
                <BranchPoint vc="47" uspid="1519" ordinal="1" offset="17" sl="304" path="1" offsetend="37" fileid="35" />
              </BranchPoints>
              <MethodPoint xsi:type="SequencePoint" vc="50" uspid="1512" ordinal="0" offset="0" sl="302" sc="9" el="302" ec="10" bec="0" bev="0" fileid="35" />
            </Method>
            <Method visited="true" cyclomaticComplexity="2" sequenceCoverage="100" branchCoverage="100" isConstructor="false" isStatic="true" isGetter="false" isSetter="false">
              <Summary numSequencePoints="6" visitedSequencePoints="6" numBranchPoints="3" visitedBranchPoints="3" sequenceCoverage="100" branchCoverage="100" maxCyclomaticComplexity="2" minCyclomaticComplexity="2" />
              <MetadataToken>100663577</MetadataToken>
              <Name>System.Decimal SeeSharpHttpLiveStreaming.Utils.ValueParsers.ValueParser::ParseDecimal(System.String)</Name>
              <FileRef uid="35" />
              <SequencePoints>
                <SequencePoint vc="18" uspid="1520" ordinal="0" offset="0" sl="322" sc="9" el="322" ec="10" bec="0" bev="0" fileid="35" />
                <SequencePoint vc="18" uspid="1521" ordinal="1" offset="1" sl="324" sc="13" el="324" ec="110" bec="2" bev="2" fileid="35" />
                <SequencePoint vc="2" uspid="1522" ordinal="2" offset="23" sl="325" sc="13" el="325" ec="14" bec="0" bev="0" fileid="35" />
                <SequencePoint vc="2" uspid="1523" ordinal="3" offset="24" sl="326" sc="17" el="326" ec="86" bec="0" bev="0" fileid="35" />
                <SequencePoint vc="16" uspid="1524" ordinal="4" offset="41" sl="328" sc="13" el="328" ec="26" bec="0" bev="0" fileid="35" />
                <SequencePoint vc="16" uspid="1525" ordinal="5" offset="45" sl="329" sc="9" el="329" ec="10" bec="0" bev="0" fileid="35" />
              </SequencePoints>
              <BranchPoints>
                <BranchPoint vc="2" uspid="1526" ordinal="0" offset="21" sl="324" path="0" offsetend="23" fileid="35" />
                <BranchPoint vc="16" uspid="1527" ordinal="1" offset="21" sl="324" path="1" offsetend="41" fileid="35" />
              </BranchPoints>
              <MethodPoint xsi:type="SequencePoint" vc="18" uspid="1520" ordinal="0" offset="0" sl="322" sc="9" el="322" ec="10" bec="0" bev="0" fileid="35" />
            </Method>
          </Methods>
        </Class>
        <Class>
          <Summary numSequencePoints="0" visitedSequencePoints="0" numBranchPoints="0" visitedBranchPoints="0" sequenceCoverage="0" branchCoverage="0" maxCyclomaticComplexity="3" minCyclomaticComplexity="1" />
          <FullName>&lt;&gt;f__AnonymousType0`2</FullName>
          <Methods>
            <Method visited="true" cyclomaticComplexity="1" sequenceCoverage="0" branchCoverage="0" isConstructor="false" isStatic="false" isGetter="true" isSetter="false">
              <Summary numSequencePoints="0" visitedSequencePoints="0" numBranchPoints="0" visitedBranchPoints="0" sequenceCoverage="0" branchCoverage="0" maxCyclomaticComplexity="1" minCyclomaticComplexity="1" />
              <MetadataToken>100663579</MetadataToken>
              <Name>&lt;GroupId&gt;j__TPar &lt;&gt;f__AnonymousType0`2::get_GroupId()</Name>
              <SequencePoints />
              <BranchPoints />
              <MethodPoint vc="9" uspid="1528" ordinal="0" offset="0" />
            </Method>
            <Method visited="true" cyclomaticComplexity="1" sequenceCoverage="0" branchCoverage="0" isConstructor="false" isStatic="false" isGetter="true" isSetter="false">
              <Summary numSequencePoints="0" visitedSequencePoints="0" numBranchPoints="0" visitedBranchPoints="0" sequenceCoverage="0" branchCoverage="0" maxCyclomaticComplexity="1" minCyclomaticComplexity="1" />
              <MetadataToken>100663580</MetadataToken>
              <Name>&lt;Type&gt;j__TPar &lt;&gt;f__AnonymousType0`2::get_Type()</Name>
              <SequencePoints />
              <BranchPoints />
              <MethodPoint vc="9" uspid="1529" ordinal="0" offset="0" />
            </Method>
            <Method visited="true" cyclomaticComplexity="1" sequenceCoverage="0" branchCoverage="0" isConstructor="true" isStatic="false" isGetter="false" isSetter="false">
              <Summary numSequencePoints="0" visitedSequencePoints="0" numBranchPoints="0" visitedBranchPoints="0" sequenceCoverage="0" branchCoverage="0" maxCyclomaticComplexity="1" minCyclomaticComplexity="1" />
              <MetadataToken>100663578</MetadataToken>
              <Name>System.Void &lt;&gt;f__AnonymousType0`2::.ctor(&lt;GroupId&gt;j__TPar,&lt;Type&gt;j__TPar)</Name>
              <SequencePoints />
              <BranchPoints />
              <MethodPoint vc="21" uspid="1530" ordinal="0" offset="0" />
            </Method>
            <Method visited="false" cyclomaticComplexity="1" sequenceCoverage="0" branchCoverage="0" isConstructor="false" isStatic="false" isGetter="false" isSetter="false">
              <Summary numSequencePoints="0" visitedSequencePoints="0" numBranchPoints="0" visitedBranchPoints="0" sequenceCoverage="0" branchCoverage="0" maxCyclomaticComplexity="1" minCyclomaticComplexity="1" />
              <MetadataToken>100663581</MetadataToken>
              <Name>System.String &lt;&gt;f__AnonymousType0`2::ToString()</Name>
              <SequencePoints />
              <BranchPoints />
              <MethodPoint vc="0" uspid="1531" ordinal="0" offset="0" />
            </Method>
            <Method visited="true" cyclomaticComplexity="3" sequenceCoverage="0" branchCoverage="0" isConstructor="false" isStatic="false" isGetter="false" isSetter="false">
              <Summary numSequencePoints="0" visitedSequencePoints="0" numBranchPoints="0" visitedBranchPoints="0" sequenceCoverage="0" branchCoverage="0" maxCyclomaticComplexity="3" minCyclomaticComplexity="3" />
              <MetadataToken>100663582</MetadataToken>
              <Name>System.Boolean &lt;&gt;f__AnonymousType0`2::Equals(System.Object)</Name>
              <SequencePoints />
              <BranchPoints />
              <MethodPoint vc="12" uspid="1532" ordinal="0" offset="0" />
            </Method>
            <Method visited="true" cyclomaticComplexity="1" sequenceCoverage="0" branchCoverage="0" isConstructor="false" isStatic="false" isGetter="false" isSetter="false">
              <Summary numSequencePoints="0" visitedSequencePoints="0" numBranchPoints="0" visitedBranchPoints="0" sequenceCoverage="0" branchCoverage="0" maxCyclomaticComplexity="1" minCyclomaticComplexity="1" />
              <MetadataToken>100663583</MetadataToken>
              <Name>System.Int32 &lt;&gt;f__AnonymousType0`2::GetHashCode()</Name>
              <SequencePoints />
              <BranchPoints />
              <MethodPoint vc="21" uspid="1533" ordinal="0" offset="0" />
            </Method>
          </Methods>
        </Class>
      </Classes>
    </Module>
    <Module skippedDueTo="Filter" hash="F2-ED-FF-09-01-C9-D7-BC-29-AC-A6-93-C5-97-8A-0D-43-DD-8D-F2">
      <FullName>C:\Users\tpaananen\Documents\Visual Studio 14\Projects\SeeSharpLiveStreaming\packages\NUnit.Runners.2.6.4\tools\lib\nunit-console-runner.dll</FullName>
      <ModuleName>nunit-console-runner</ModuleName>
      <Classes />
    </Module>
    <Module skippedDueTo="Filter" hash="86-63-23-3B-0A-B0-CD-35-4A-77-D7-20-37-37-33-E5-39-DC-B4-75">
      <FullName>C:\WINDOWS\Microsoft.Net\assembly\GAC_MSIL\System.Runtime.Remoting\v4.0_4.0.0.0__b77a5c561934e089\System.Runtime.Remoting.dll</FullName>
      <ModuleName>System.Runtime.Remoting</ModuleName>
      <Classes />
    </Module>
    <Module skippedDueTo="Filter" hash="EF-B7-91-10-D6-02-C7-B2-4A-CD-56-41-AB-19-F6-04-22-55-75-4E">
      <FullName>C:\WINDOWS\Microsoft.Net\assembly\GAC_MSIL\System.Configuration\v4.0_4.0.0.0__b03f5f7f11d50a3a\System.Configuration.dll</FullName>
      <ModuleName>System.Configuration</ModuleName>
      <Classes />
    </Module>
    <Module skippedDueTo="Filter" hash="CF-3B-F1-80-B2-A5-0D-6A-AB-8E-0E-F0-C6-1D-49-22-50-0A-51-54">
      <FullName>C:\WINDOWS\Microsoft.Net\assembly\GAC_MSIL\System.Core\v4.0_4.0.0.0__b77a5c561934e089\System.Core.dll</FullName>
      <ModuleName>System.Core</ModuleName>
      <Classes />
    </Module>
  </Modules>
</CoverageSession>